Command line invocation:
    /Applications/Xcode.app/Contents/Developer/usr/bin/xcodebuild build -project swift-sample-app.xcodeproj -scheme swift-sample-app -sdk iphonesimulator -destination id=CEBDAEAC-F4F1-445B-B312-1F2E264D5EE2 -configuration Debug

User defaults from command line:
    IDEPackageSupportUseBuiltinSCM = YES

Build settings from command line:
    SDKROOT = iphonesimulator18.2

Resolve Package Graph


Resolved source packages:
  IterableSDK: /Users/sumeru.chatterjee/Projects/swift-sdk

--- xcodebuild: WARNING: Using the first of multiple matching destinations:
{ platform:iOS Simulator, id:CEBDAEAC-F4F1-445B-B312-1F2E264D5EE2, OS:18.2, name:Integration-Test-iPhone }
{ platform:iOS Simulator, id:CEBDAEAC-F4F1-445B-B312-1F2E264D5EE2, OS:18.2, name:Integration-Test-iPhone }
Prepare packages

ComputeTargetDependencyGraph
note: Building targets in dependency order
note: Target dependency graph (7 targets)
    Target 'swift-sample-app' in project 'swift-sample-app'
        ➜ Explicit dependency on target 'swift-sample-app-notification-extension' in project 'swift-sample-app'
        ➜ Explicit dependency on target 'IterableSDK' in project 'IterableSDK'
    Target 'IterableSDK' in project 'IterableSDK'
        ➜ Explicit dependency on target 'IterableSDK' in project 'IterableSDK'
        ➜ Explicit dependency on target 'IterableSDK_IterableSDK' in project 'IterableSDK'
    Target 'IterableSDK' in project 'IterableSDK'
        ➜ Explicit dependency on target 'IterableSDK_IterableSDK' in project 'IterableSDK'
    Target 'IterableSDK_IterableSDK' in project 'IterableSDK' (no dependencies)
    Target 'swift-sample-app-notification-extension' in project 'swift-sample-app'
        ➜ Explicit dependency on target 'IterableAppExtensions' in project 'IterableSDK'
    Target 'IterableAppExtensions' in project 'IterableSDK'
        ➜ Explicit dependency on target 'IterableAppExtensions' in project 'IterableSDK'
    Target 'IterableAppExtensions' in project 'IterableSDK' (no dependencies)

GatherProvisioningInputs

CreateBuildDescription

ExecuteExternalTool /Applications/Xcode.app/Contents/Developer/Toolchains/XcodeDefault.xctoolchain/usr/bin/swiftc --version

ExecuteExternalTool /Applications/Xcode.app/Contents/Developer/usr/bin/actool --print-asset-tag-combinations --output-format xml1 /Users/sumeru.chatterjee/Projects/swift-sdk/sample-apps/swift-sample-app/swift-sample-app/Assets.xcassets

ExecuteExternalTool /Applications/Xcode.app/Contents/Developer/usr/bin/momc --dry-run --action generate --swift-version 5 --sdkroot /Applications/Xcode.app/Contents/Developer/Platforms/iPhoneSimulator.platform/Developer/SDKs/iPhoneSimulator18.2.sdk --iphonesimulator-deployment-target 12.0 --module IterableSDK /Users/sumeru.chatterjee/Projects/swift-sdk/swift-sdk/Resources/IterableDataModel.xcdatamodeld /Users/sumeru.chatterjee/Library/Developer/Xcode/DerivedData/swift-sample-app-grdxdamkgtheuxbaunedxbokefvq/Build/Intermediates.noindex/IterableSDK.build/Debug-iphonesimulator/IterableSDK.build/DerivedSources/CoreDataGenerated/IterableDataModel

ExecuteExternalTool /Applications/Xcode.app/Contents/Developer/usr/bin/ibtool --version --output-format xml1

ExecuteExternalTool /Applications/Xcode.app/Contents/Developer/Toolchains/XcodeDefault.xctoolchain/usr/bin/clang -v -E -dM -isysroot /Applications/Xcode.app/Contents/Developer/Platforms/iPhoneSimulator.platform/Developer/SDKs/iPhoneSimulator18.2.sdk -x c -c /dev/null

ExecuteExternalTool /Applications/Xcode.app/Contents/Developer/usr/bin/actool --version --output-format xml1

ExecuteExternalTool /Applications/Xcode.app/Contents/Developer/Toolchains/XcodeDefault.xctoolchain/usr/bin/ld -version_details

Build description signature: 1c7ae49128943d39805e82a3f72b1107
Build description path: /Users/sumeru.chatterjee/Library/Developer/Xcode/DerivedData/swift-sample-app-grdxdamkgtheuxbaunedxbokefvq/Build/Intermediates.noindex/XCBuildData/1c7ae49128943d39805e82a3f72b1107.xcbuilddata
ClangStatCache /Applications/Xcode.app/Contents/Developer/Toolchains/XcodeDefault.xctoolchain/usr/bin/clang-stat-cache /Applications/Xcode.app/Contents/Developer/Platforms/iPhoneSimulator.platform/Developer/SDKs/iPhoneSimulator18.2.sdk /Users/sumeru.chatterjee/Library/Developer/Xcode/DerivedData/SDKStatCaches.noindex/iphonesimulator18.2-22C146-07b28473f605e47e75261259d3ef3b5a.sdkstatcache
    cd /Users/sumeru.chatterjee/Projects/swift-sdk/sample-apps/swift-sample-app/swift-sample-app.xcodeproj
    /Applications/Xcode.app/Contents/Developer/Toolchains/XcodeDefault.xctoolchain/usr/bin/clang-stat-cache /Applications/Xcode.app/Contents/Developer/Platforms/iPhoneSimulator.platform/Developer/SDKs/iPhoneSimulator18.2.sdk -o /Users/sumeru.chatterjee/Library/Developer/Xcode/DerivedData/SDKStatCaches.noindex/iphonesimulator18.2-22C146-07b28473f605e47e75261259d3ef3b5a.sdkstatcache

ProcessProductPackaging "" /Users/sumeru.chatterjee/Library/Developer/Xcode/DerivedData/swift-sample-app-grdxdamkgtheuxbaunedxbokefvq/Build/Intermediates.noindex/swift-sample-app.build/Debug-iphonesimulator/swift-sample-app-notification-extension.build/swift-sample-app-notification-extension.appex-Simulated.xcent (in target 'swift-sample-app-notification-extension' from project 'swift-sample-app')
    cd /Users/sumeru.chatterjee/Projects/swift-sdk/sample-apps/swift-sample-app
    
    Entitlements:
    
    {
    "application-identifier" = "G4DAKH88WT.*";
}
    
    builtin-productPackagingUtility -entitlements -format xml -o /Users/sumeru.chatterjee/Library/Developer/Xcode/DerivedData/swift-sample-app-grdxdamkgtheuxbaunedxbokefvq/Build/Intermediates.noindex/swift-sample-app.build/Debug-iphonesimulator/swift-sample-app-notification-extension.build/swift-sample-app-notification-extension.appex-Simulated.xcent

ProcessInfoPlistFile /Users/sumeru.chatterjee/Library/Developer/Xcode/DerivedData/swift-sample-app-grdxdamkgtheuxbaunedxbokefvq/Build/Products/Debug-iphonesimulator/IterableSDK_IterableSDK.bundle/Info.plist /Users/sumeru.chatterjee/Library/Developer/Xcode/DerivedData/swift-sample-app-grdxdamkgtheuxbaunedxbokefvq/Build/Intermediates.noindex/IterableSDK.build/Debug-iphonesimulator/IterableSDK_IterableSDK.build/empty-IterableSDK_IterableSDK.plist (in target 'IterableSDK_IterableSDK' from project 'IterableSDK')
    cd /Users/sumeru.chatterjee/Projects/swift-sdk
    builtin-infoPlistUtility /Users/sumeru.chatterjee/Library/Developer/Xcode/DerivedData/swift-sample-app-grdxdamkgtheuxbaunedxbokefvq/Build/Intermediates.noindex/IterableSDK.build/Debug-iphonesimulator/IterableSDK_IterableSDK.build/empty-IterableSDK_IterableSDK.plist -producttype com.apple.product-type.bundle -expandbuildsettings -format binary -platform iphonesimulator -additionalcontentfile /Users/sumeru.chatterjee/Library/Developer/Xcode/DerivedData/swift-sample-app-grdxdamkgtheuxbaunedxbokefvq/Build/Intermediates.noindex/IterableSDK.build/Debug-iphonesimulator/IterableSDK_IterableSDK.build/IterableEmbeddedView-PartialInfo.plist -additionalcontentfile /Users/sumeru.chatterjee/Library/Developer/Xcode/DerivedData/swift-sample-app-grdxdamkgtheuxbaunedxbokefvq/Build/Intermediates.noindex/IterableSDK.build/Debug-iphonesimulator/IterableSDK_IterableSDK.build/SampleInboxCell-PartialInfo.plist -additionalcontentfile /Users/sumeru.chatterjee/Library/Developer/Xcode/DerivedData/swift-sample-app-grdxdamkgtheuxbaunedxbokefvq/Build/Intermediates.noindex/IterableSDK.build/Debug-iphonesimulator/IterableSDK_IterableSDK.build/assetcatalog_generated_info.plist -o /Users/sumeru.chatterjee/Library/Developer/Xcode/DerivedData/swift-sample-app-grdxdamkgtheuxbaunedxbokefvq/Build/Products/Debug-iphonesimulator/IterableSDK_IterableSDK.bundle/Info.plist

ProcessProductPackagingDER /Users/sumeru.chatterjee/Library/Developer/Xcode/DerivedData/swift-sample-app-grdxdamkgtheuxbaunedxbokefvq/Build/Intermediates.noindex/swift-sample-app.build/Debug-iphonesimulator/swift-sample-app-notification-extension.build/swift-sample-app-notification-extension.appex-Simulated.xcent /Users/sumeru.chatterjee/Library/Developer/Xcode/DerivedData/swift-sample-app-grdxdamkgtheuxbaunedxbokefvq/Build/Intermediates.noindex/swift-sample-app.build/Debug-iphonesimulator/swift-sample-app-notification-extension.build/swift-sample-app-notification-extension.appex-Simulated.xcent.der (in target 'swift-sample-app-notification-extension' from project 'swift-sample-app')
    cd /Users/sumeru.chatterjee/Projects/swift-sdk/sample-apps/swift-sample-app
    /usr/bin/derq query -f xml -i /Users/sumeru.chatterjee/Library/Developer/Xcode/DerivedData/swift-sample-app-grdxdamkgtheuxbaunedxbokefvq/Build/Intermediates.noindex/swift-sample-app.build/Debug-iphonesimulator/swift-sample-app-notification-extension.build/swift-sample-app-notification-extension.appex-Simulated.xcent -o /Users/sumeru.chatterjee/Library/Developer/Xcode/DerivedData/swift-sample-app-grdxdamkgtheuxbaunedxbokefvq/Build/Intermediates.noindex/swift-sample-app.build/Debug-iphonesimulator/swift-sample-app-notification-extension.build/swift-sample-app-notification-extension.appex-Simulated.xcent.der --raw

ProcessInfoPlistFile /Users/sumeru.chatterjee/Library/Developer/Xcode/DerivedData/swift-sample-app-grdxdamkgtheuxbaunedxbokefvq/Build/Products/Debug-iphonesimulator/swift-sample-app-notification-extension.appex/Info.plist /Users/sumeru.chatterjee/Projects/swift-sdk/sample-apps/swift-sample-app/swift-sample-app-notification-extension/Info.plist (in target 'swift-sample-app-notification-extension' from project 'swift-sample-app')
    cd /Users/sumeru.chatterjee/Projects/swift-sdk/sample-apps/swift-sample-app
    builtin-infoPlistUtility /Users/sumeru.chatterjee/Projects/swift-sdk/sample-apps/swift-sample-app/swift-sample-app-notification-extension/Info.plist -producttype com.apple.product-type.app-extension -expandbuildsettings -format binary -platform iphonesimulator -o /Users/sumeru.chatterjee/Library/Developer/Xcode/DerivedData/swift-sample-app-grdxdamkgtheuxbaunedxbokefvq/Build/Products/Debug-iphonesimulator/swift-sample-app-notification-extension.appex/Info.plist
warning: invalid character in Bundle Identifier. This string must be a uniform type identifier (UTI) that contains only alphanumeric (A-Z,a-z,0-9), hyphen (-), and period (.) characters. (in target 'swift-sample-app-notification-extension' from project 'swift-sample-app')

ProcessProductPackaging /Users/sumeru.chatterjee/Projects/swift-sdk/sample-apps/swift-sample-app/swift-sample-app/swift-sample-app.entitlements /Users/sumeru.chatterjee/Library/Developer/Xcode/DerivedData/swift-sample-app-grdxdamkgtheuxbaunedxbokefvq/Build/Intermediates.noindex/swift-sample-app.build/Debug-iphonesimulator/swift-sample-app.build/swift-sample-app.app.xcent (in target 'swift-sample-app' from project 'swift-sample-app')
    cd /Users/sumeru.chatterjee/Projects/swift-sdk/sample-apps/swift-sample-app
    
    Entitlements:
    
    {
}
    
    builtin-productPackagingUtility /Users/sumeru.chatterjee/Projects/swift-sdk/sample-apps/swift-sample-app/swift-sample-app/swift-sample-app.entitlements -entitlements -format xml -o /Users/sumeru.chatterjee/Library/Developer/Xcode/DerivedData/swift-sample-app-grdxdamkgtheuxbaunedxbokefvq/Build/Intermediates.noindex/swift-sample-app.build/Debug-iphonesimulator/swift-sample-app.build/swift-sample-app.app.xcent

Ld /Users/sumeru.chatterjee/Library/Developer/Xcode/DerivedData/swift-sample-app-grdxdamkgtheuxbaunedxbokefvq/Build/Products/Debug-iphonesimulator/swift-sample-app-notification-extension.appex/swift-sample-app-notification-extension.debug.dylib normal (in target 'swift-sample-app-notification-extension' from project 'swift-sample-app')
    cd /Users/sumeru.chatterjee/Projects/swift-sdk/sample-apps/swift-sample-app
    /Applications/Xcode.app/Contents/Developer/Toolchains/XcodeDefault.xctoolchain/usr/bin/clang -Xlinker -reproducible -target arm64-apple-ios12.0-simulator -dynamiclib -isysroot /Applications/Xcode.app/Contents/Developer/Platforms/iPhoneSimulator.platform/Developer/SDKs/iPhoneSimulator18.2.sdk -O0 -L/Users/sumeru.chatterjee/Library/Developer/Xcode/DerivedData/swift-sample-app-grdxdamkgtheuxbaunedxbokefvq/Build/Intermediates.noindex/EagerLinkingTBDs/Debug-iphonesimulator -L/Users/sumeru.chatterjee/Library/Developer/Xcode/DerivedData/swift-sample-app-grdxdamkgtheuxbaunedxbokefvq/Build/Products/Debug-iphonesimulator -F/Users/sumeru.chatterjee/Library/Developer/Xcode/DerivedData/swift-sample-app-grdxdamkgtheuxbaunedxbokefvq/Build/Intermediates.noindex/EagerLinkingTBDs/Debug-iphonesimulator -F/Users/sumeru.chatterjee/Library/Developer/Xcode/DerivedData/swift-sample-app-grdxdamkgtheuxbaunedxbokefvq/Build/Products/Debug-iphonesimulator/PackageFrameworks -F/Users/sumeru.chatterjee/Library/Developer/Xcode/DerivedData/swift-sample-app-grdxdamkgtheuxbaunedxbokefvq/Build/Products/Debug-iphonesimulator -filelist /Users/sumeru.chatterjee/Library/Developer/Xcode/DerivedData/swift-sample-app-grdxdamkgtheuxbaunedxbokefvq/Build/Intermediates.noindex/swift-sample-app.build/Debug-iphonesimulator/swift-sample-app-notification-extension.build/Objects-normal/arm64/swift-sample-app-notification-extension.LinkFileList -install_name @rpath/swift-sample-app-notification-extension.debug.dylib -Xlinker -rpath -Xlinker /usr/lib/swift -Xlinker -rpath -Xlinker /Users/sumeru.chatterjee/Library/Developer/Xcode/DerivedData/swift-sample-app-grdxdamkgtheuxbaunedxbokefvq/Build/Products/Debug-iphonesimulator/PackageFrameworks -Xlinker -rpath -Xlinker @executable_path/Frameworks -Xlinker -rpath -Xlinker @executable_path/../../Frameworks -dead_strip -Xlinker -object_path_lto -Xlinker /Users/sumeru.chatterjee/Library/Developer/Xcode/DerivedData/swift-sample-app-grdxdamkgtheuxbaunedxbokefvq/Build/Intermediates.noindex/swift-sample-app.build/Debug-iphonesimulator/swift-sample-app-notification-extension.build/Objects-normal/arm64/swift-sample-app-notification-extension_lto.o -Xlinker -export_dynamic -Xlinker -no_deduplicate -Xlinker -objc_abi_version -Xlinker 2 -fapplication-extension -fobjc-link-runtime -L/Applications/Xcode.app/Contents/Developer/Toolchains/XcodeDefault.xctoolchain/usr/lib/swift/iphonesimulator -L/usr/lib/swift -Xlinker -add_ast_path -Xlinker /Users/sumeru.chatterjee/Library/Developer/Xcode/DerivedData/swift-sample-app-grdxdamkgtheuxbaunedxbokefvq/Build/Intermediates.noindex/swift-sample-app.build/Debug-iphonesimulator/swift-sample-app-notification-extension.build/Objects-normal/arm64/swift_sample_app_notification_extension.swiftmodule -Wl,-no_warn_duplicate_libraries -Xlinker -alias -Xlinker _NSExtensionMain -Xlinker ___debug_main_executable_dylib_entry_point -Xlinker -no_adhoc_codesign -Xlinker -dependency_info -Xlinker /Users/sumeru.chatterjee/Library/Developer/Xcode/DerivedData/swift-sample-app-grdxdamkgtheuxbaunedxbokefvq/Build/Intermediates.noindex/swift-sample-app.build/Debug-iphonesimulator/swift-sample-app-notification-extension.build/Objects-normal/arm64/swift-sample-app-notification-extension_dependency_info.dat -o /Users/sumeru.chatterjee/Library/Developer/Xcode/DerivedData/swift-sample-app-grdxdamkgtheuxbaunedxbokefvq/Build/Products/Debug-iphonesimulator/swift-sample-app-notification-extension.appex/swift-sample-app-notification-extension.debug.dylib -Xlinker -add_ast_path -Xlinker /Users/sumeru.chatterjee/Library/Developer/Xcode/DerivedData/swift-sample-app-grdxdamkgtheuxbaunedxbokefvq/Build/Intermediates.noindex/IterableSDK.build/Debug-iphonesimulator/IterableAppExtensions.build/Objects-normal/arm64/IterableAppExtensions.swiftmodule

ProcessProductPackaging /Users/sumeru.chatterjee/Projects/swift-sdk/sample-apps/swift-sample-app/swift-sample-app/swift-sample-app.entitlements /Users/sumeru.chatterjee/Library/Developer/Xcode/DerivedData/swift-sample-app-grdxdamkgtheuxbaunedxbokefvq/Build/Intermediates.noindex/swift-sample-app.build/Debug-iphonesimulator/swift-sample-app.build/swift-sample-app.app-Simulated.xcent (in target 'swift-sample-app' from project 'swift-sample-app')
    cd /Users/sumeru.chatterjee/Projects/swift-sdk/sample-apps/swift-sample-app
    
    Entitlements:
    
    {
    "application-identifier" = "G4DAKH88WT.*";
    "aps-environment" = development;
    "com.apple.developer.associated-domains" =     (
        "applinks:example.com",
        "applinks:links.example.com"
    );
}
    
    builtin-productPackagingUtility /Users/sumeru.chatterjee/Projects/swift-sdk/sample-apps/swift-sample-app/swift-sample-app/swift-sample-app.entitlements -entitlements -format xml -o /Users/sumeru.chatterjee/Library/Developer/Xcode/DerivedData/swift-sample-app-grdxdamkgtheuxbaunedxbokefvq/Build/Intermediates.noindex/swift-sample-app.build/Debug-iphonesimulator/swift-sample-app.build/swift-sample-app.app-Simulated.xcent

ProcessProductPackagingDER /Users/sumeru.chatterjee/Library/Developer/Xcode/DerivedData/swift-sample-app-grdxdamkgtheuxbaunedxbokefvq/Build/Intermediates.noindex/swift-sample-app.build/Debug-iphonesimulator/swift-sample-app.build/swift-sample-app.app.xcent /Users/sumeru.chatterjee/Library/Developer/Xcode/DerivedData/swift-sample-app-grdxdamkgtheuxbaunedxbokefvq/Build/Intermediates.noindex/swift-sample-app.build/Debug-iphonesimulator/swift-sample-app.build/swift-sample-app.app.xcent.der (in target 'swift-sample-app' from project 'swift-sample-app')
    cd /Users/sumeru.chatterjee/Projects/swift-sdk/sample-apps/swift-sample-app
    /usr/bin/derq query -f xml -i /Users/sumeru.chatterjee/Library/Developer/Xcode/DerivedData/swift-sample-app-grdxdamkgtheuxbaunedxbokefvq/Build/Intermediates.noindex/swift-sample-app.build/Debug-iphonesimulator/swift-sample-app.build/swift-sample-app.app.xcent -o /Users/sumeru.chatterjee/Library/Developer/Xcode/DerivedData/swift-sample-app-grdxdamkgtheuxbaunedxbokefvq/Build/Intermediates.noindex/swift-sample-app.build/Debug-iphonesimulator/swift-sample-app.build/swift-sample-app.app.xcent.der --raw

ProcessProductPackagingDER /Users/sumeru.chatterjee/Library/Developer/Xcode/DerivedData/swift-sample-app-grdxdamkgtheuxbaunedxbokefvq/Build/Intermediates.noindex/swift-sample-app.build/Debug-iphonesimulator/swift-sample-app.build/swift-sample-app.app-Simulated.xcent /Users/sumeru.chatterjee/Library/Developer/Xcode/DerivedData/swift-sample-app-grdxdamkgtheuxbaunedxbokefvq/Build/Intermediates.noindex/swift-sample-app.build/Debug-iphonesimulator/swift-sample-app.build/swift-sample-app.app-Simulated.xcent.der (in target 'swift-sample-app' from project 'swift-sample-app')
    cd /Users/sumeru.chatterjee/Projects/swift-sdk/sample-apps/swift-sample-app
    /usr/bin/derq query -f xml -i /Users/sumeru.chatterjee/Library/Developer/Xcode/DerivedData/swift-sample-app-grdxdamkgtheuxbaunedxbokefvq/Build/Intermediates.noindex/swift-sample-app.build/Debug-iphonesimulator/swift-sample-app.build/swift-sample-app.app-Simulated.xcent -o /Users/sumeru.chatterjee/Library/Developer/Xcode/DerivedData/swift-sample-app-grdxdamkgtheuxbaunedxbokefvq/Build/Intermediates.noindex/swift-sample-app.build/Debug-iphonesimulator/swift-sample-app.build/swift-sample-app.app-Simulated.xcent.der --raw

SwiftDriver swift-sample-app normal arm64 com.apple.xcode.tools.swift.compiler (in target 'swift-sample-app' from project 'swift-sample-app')
    cd /Users/sumeru.chatterjee/Projects/swift-sdk/sample-apps/swift-sample-app
    builtin-SwiftDriver -- /Applications/Xcode.app/Contents/Developer/Toolchains/XcodeDefault.xctoolchain/usr/bin/swiftc -module-name swift_sample_app -Onone -enforce-exclusivity\=checked @/Users/sumeru.chatterjee/Library/Developer/Xcode/DerivedData/swift-sample-app-grdxdamkgtheuxbaunedxbokefvq/Build/Intermediates.noindex/swift-sample-app.build/Debug-iphonesimulator/swift-sample-app.build/Objects-normal/arm64/swift-sample-app.SwiftFileList -DDEBUG -enable-bare-slash-regex -enable-experimental-feature DebugDescriptionMacro -sdk /Applications/Xcode.app/Contents/Developer/Platforms/iPhoneSimulator.platform/Developer/SDKs/iPhoneSimulator18.2.sdk -target arm64-apple-ios12.0-simulator -g -module-cache-path /Users/sumeru.chatterjee/Library/Developer/Xcode/DerivedData/ModuleCache.noindex -Xfrontend -serialize-debugging-options -enable-testing -index-store-path /Users/sumeru.chatterjee/Library/Developer/Xcode/DerivedData/swift-sample-app-grdxdamkgtheuxbaunedxbokefvq/Index.noindex/DataStore -enable-experimental-feature OpaqueTypeErasure -Xcc -D_LIBCPP_HARDENING_MODE\=_LIBCPP_HARDENING_MODE_DEBUG -swift-version 5 -I /Users/sumeru.chatterjee/Library/Developer/Xcode/DerivedData/swift-sample-app-grdxdamkgtheuxbaunedxbokefvq/Build/Products/Debug-iphonesimulator -F /Users/sumeru.chatterjee/Library/Developer/Xcode/DerivedData/swift-sample-app-grdxdamkgtheuxbaunedxbokefvq/Build/Products/Debug-iphonesimulator/PackageFrameworks -F /Users/sumeru.chatterjee/Library/Developer/Xcode/DerivedData/swift-sample-app-grdxdamkgtheuxbaunedxbokefvq/Build/Products/Debug-iphonesimulator -c -j12 -enable-batch-mode -incremental -Xcc -ivfsstatcache -Xcc /Users/sumeru.chatterjee/Library/Developer/Xcode/DerivedData/SDKStatCaches.noindex/iphonesimulator18.2-22C146-07b28473f605e47e75261259d3ef3b5a.sdkstatcache -output-file-map /Users/sumeru.chatterjee/Library/Developer/Xcode/DerivedData/swift-sample-app-grdxdamkgtheuxbaunedxbokefvq/Build/Intermediates.noindex/swift-sample-app.build/Debug-iphonesimulator/swift-sample-app.build/Objects-normal/arm64/swift-sample-app-OutputFileMap.json -use-frontend-parseable-output -save-temps -no-color-diagnostics -serialize-diagnostics -emit-dependencies -emit-module -emit-module-path /Users/sumeru.chatterjee/Library/Developer/Xcode/DerivedData/swift-sample-app-grdxdamkgtheuxbaunedxbokefvq/Build/Intermediates.noindex/swift-sample-app.build/Debug-iphonesimulator/swift-sample-app.build/Objects-normal/arm64/swift_sample_app.swiftmodule -validate-clang-modules-once -clang-build-session-file /Users/sumeru.chatterjee/Library/Developer/Xcode/DerivedData/ModuleCache.noindex/Session.modulevalidation -Xcc -I/Users/sumeru.chatterjee/Library/Developer/Xcode/DerivedData/swift-sample-app-grdxdamkgtheuxbaunedxbokefvq/Build/Intermediates.noindex/swift-sample-app.build/Debug-iphonesimulator/swift-sample-app.build/swift-overrides.hmap -emit-const-values -Xfrontend -const-gather-protocols-file -Xfrontend /Users/sumeru.chatterjee/Library/Developer/Xcode/DerivedData/swift-sample-app-grdxdamkgtheuxbaunedxbokefvq/Build/Intermediates.noindex/swift-sample-app.build/Debug-iphonesimulator/swift-sample-app.build/Objects-normal/arm64/swift-sample-app_const_extract_protocols.json -Xcc -iquote -Xcc /Users/sumeru.chatterjee/Library/Developer/Xcode/DerivedData/swift-sample-app-grdxdamkgtheuxbaunedxbokefvq/Build/Intermediates.noindex/swift-sample-app.build/Debug-iphonesimulator/swift-sample-app.build/swift-sample-app-generated-files.hmap -Xcc -I/Users/sumeru.chatterjee/Library/Developer/Xcode/DerivedData/swift-sample-app-grdxdamkgtheuxbaunedxbokefvq/Build/Intermediates.noindex/swift-sample-app.build/Debug-iphonesimulator/swift-sample-app.build/swift-sample-app-own-target-headers.hmap -Xcc -I/Users/sumeru.chatterjee/Library/Developer/Xcode/DerivedData/swift-sample-app-grdxdamkgtheuxbaunedxbokefvq/Build/Intermediates.noindex/swift-sample-app.build/Debug-iphonesimulator/swift-sample-app.build/swift-sample-app-all-non-framework-target-headers.hmap -Xcc -ivfsoverlay -Xcc /Users/sumeru.chatterjee/Library/Developer/Xcode/DerivedData/swift-sample-app-grdxdamkgtheuxbaunedxbokefvq/Build/Intermediates.noindex/swift-sample-app.build/Debug-iphonesimulator/swift-sample-app-6f861ac062120a4eaea78e3562438ba5-VFS-iphonesimulator/all-product-headers.yaml -Xcc -iquote -Xcc /Users/sumeru.chatterjee/Library/Developer/Xcode/DerivedData/swift-sample-app-grdxdamkgtheuxbaunedxbokefvq/Build/Intermediates.noindex/swift-sample-app.build/Debug-iphonesimulator/swift-sample-app.build/swift-sample-app-project-headers.hmap -Xcc -I/Users/sumeru.chatterjee/Library/Developer/Xcode/DerivedData/swift-sample-app-grdxdamkgtheuxbaunedxbokefvq/Build/Products/Debug-iphonesimulator/include -Xcc -I/Users/sumeru.chatterjee/Library/Developer/Xcode/DerivedData/swift-sample-app-grdxdamkgtheuxbaunedxbokefvq/Build/Intermediates.noindex/swift-sample-app.build/Debug-iphonesimulator/swift-sample-app.build/DerivedSources-normal/arm64 -Xcc -I/Users/sumeru.chatterjee/Library/Developer/Xcode/DerivedData/swift-sample-app-grdxdamkgtheuxbaunedxbokefvq/Build/Intermediates.noindex/swift-sample-app.build/Debug-iphonesimulator/swift-sample-app.build/DerivedSources/arm64 -Xcc -I/Users/sumeru.chatterjee/Library/Developer/Xcode/DerivedData/swift-sample-app-grdxdamkgtheuxbaunedxbokefvq/Build/Intermediates.noindex/swift-sample-app.build/Debug-iphonesimulator/swift-sample-app.build/DerivedSources -Xcc -DDEBUG\=1 -emit-objc-header -emit-objc-header-path /Users/sumeru.chatterjee/Library/Developer/Xcode/DerivedData/swift-sample-app-grdxdamkgtheuxbaunedxbokefvq/Build/Intermediates.noindex/swift-sample-app.build/Debug-iphonesimulator/swift-sample-app.build/Objects-normal/arm64/swift_sample_app-Swift.h -working-directory /Users/sumeru.chatterjee/Projects/swift-sdk/sample-apps/swift-sample-app -experimental-emit-module-separately -disable-cmo

SwiftEmitModule normal arm64 Emitting\ module\ for\ swift_sample_app (in target 'swift-sample-app' from project 'swift-sample-app')
    cd /Users/sumeru.chatterjee/Projects/swift-sdk/sample-apps/swift-sample-app
    builtin-swiftTaskExecution -- /Applications/Xcode.app/Contents/Developer/Toolchains/XcodeDefault.xctoolchain/usr/bin/swift-frontend -frontend -emit-module -experimental-skip-non-inlinable-function-bodies-without-types /Users/sumeru.chatterjee/Projects/swift-sdk/sample-apps/swift-sample-app/swift-sample-app/EmbeddedMessages/EmbeddedMessagesViewController.swift /Users/sumeru.chatterjee/Projects/swift-sdk/sample-apps/swift-sample-app/swift-sample-app/EmbeddedMessages/IterableCardViewCell.swift /Users/sumeru.chatterjee/Projects/swift-sdk/sample-apps/swift-sample-app/swift-sample-app/CoffeeViewController.swift /Users/sumeru.chatterjee/Projects/swift-sdk/sample-apps/swift-sample-app/swift-sample-app/AppDelegate.swift /Users/sumeru.chatterjee/Projects/swift-sdk/sample-apps/swift-sample-app/swift-sample-app/DeepLinkHandler.swift /Users/sumeru.chatterjee/Projects/swift-sdk/sample-apps/swift-sample-app/swift-sample-app/LoginViewController.swift /Users/sumeru.chatterjee/Projects/swift-sdk/sample-apps/swift-sample-app/swift-sample-app/CoffeeType.swift /Users/sumeru.chatterjee/Projects/swift-sdk/sample-apps/swift-sample-app/swift-sample-app/UIViewController+Extension.swift /Users/sumeru.chatterjee/Projects/swift-sdk/sample-apps/swift-sample-app/swift-sample-app/CoffeeListTableViewController.swift /Users/sumeru.chatterjee/Library/Developer/Xcode/DerivedData/swift-sample-app-grdxdamkgtheuxbaunedxbokefvq/Build/Intermediates.noindex/swift-sample-app.build/Debug-iphonesimulator/swift-sample-app.build/DerivedSources/GeneratedAssetSymbols.swift -target arm64-apple-ios12.0-simulator -Xllvm -aarch64-use-tbi -enable-objc-interop -sdk /Applications/Xcode.app/Contents/Developer/Platforms/iPhoneSimulator.platform/Developer/SDKs/iPhoneSimulator18.2.sdk -I /Users/sumeru.chatterjee/Library/Developer/Xcode/DerivedData/swift-sample-app-grdxdamkgtheuxbaunedxbokefvq/Build/Products/Debug-iphonesimulator -F /Users/sumeru.chatterjee/Library/Developer/Xcode/DerivedData/swift-sample-app-grdxdamkgtheuxbaunedxbokefvq/Build/Products/Debug-iphonesimulator/PackageFrameworks -F /Users/sumeru.chatterjee/Library/Developer/Xcode/DerivedData/swift-sample-app-grdxdamkgtheuxbaunedxbokefvq/Build/Products/Debug-iphonesimulator -no-color-diagnostics -enable-testing -g -debug-info-format\=dwarf -dwarf-version\=4 -module-cache-path /Users/sumeru.chatterjee/Library/Developer/Xcode/DerivedData/ModuleCache.noindex -swift-version 5 -enforce-exclusivity\=checked -Onone -D DEBUG -serialize-debugging-options -const-gather-protocols-file /Users/sumeru.chatterjee/Library/Developer/Xcode/DerivedData/swift-sample-app-grdxdamkgtheuxbaunedxbokefvq/Build/Intermediates.noindex/swift-sample-app.build/Debug-iphonesimulator/swift-sample-app.build/Objects-normal/arm64/swift-sample-app_const_extract_protocols.json -enable-experimental-feature DebugDescriptionMacro -enable-experimental-feature OpaqueTypeErasure -enable-bare-slash-regex -empty-abi-descriptor -validate-clang-modules-once -clang-build-session-file /Users/sumeru.chatterjee/Library/Developer/Xcode/DerivedData/ModuleCache.noindex/Session.modulevalidation -Xcc -working-directory -Xcc /Users/sumeru.chatterjee/Projects/swift-sdk/sample-apps/swift-sample-app -resource-dir /Applications/Xcode.app/Contents/Developer/Toolchains/XcodeDefault.xctoolchain/usr/lib/swift -enable-anonymous-context-mangled-names -file-compilation-dir /Users/sumeru.chatterjee/Projects/swift-sdk/sample-apps/swift-sample-app -Xcc -D_LIBCPP_HARDENING_MODE\=_LIBCPP_HARDENING_MODE_DEBUG -Xcc -ivfsstatcache -Xcc /Users/sumeru.chatterjee/Library/Developer/Xcode/DerivedData/SDKStatCaches.noindex/iphonesimulator18.2-22C146-07b28473f605e47e75261259d3ef3b5a.sdkstatcache -Xcc -I/Users/sumeru.chatterjee/Library/Developer/Xcode/DerivedData/swift-sample-app-grdxdamkgtheuxbaunedxbokefvq/Build/Intermediates.noindex/swift-sample-app.build/Debug-iphonesimulator/swift-sample-app.build/swift-overrides.hmap -Xcc -iquote -Xcc /Users/sumeru.chatterjee/Library/Developer/Xcode/DerivedData/swift-sample-app-grdxdamkgtheuxbaunedxbokefvq/Build/Intermediates.noindex/swift-sample-app.build/Debug-iphonesimulator/swift-sample-app.build/swift-sample-app-generated-files.hmap -Xcc -I/Users/sumeru.chatterjee/Library/Developer/Xcode/DerivedData/swift-sample-app-grdxdamkgtheuxbaunedxbokefvq/Build/Intermediates.noindex/swift-sample-app.build/Debug-iphonesimulator/swift-sample-app.build/swift-sample-app-own-target-headers.hmap -Xcc -I/Users/sumeru.chatterjee/Library/Developer/Xcode/DerivedData/swift-sample-app-grdxdamkgtheuxbaunedxbokefvq/Build/Intermediates.noindex/swift-sample-app.build/Debug-iphonesimulator/swift-sample-app.build/swift-sample-app-all-non-framework-target-headers.hmap -Xcc -ivfsoverlay -Xcc /Users/sumeru.chatterjee/Library/Developer/Xcode/DerivedData/swift-sample-app-grdxdamkgtheuxbaunedxbokefvq/Build/Intermediates.noindex/swift-sample-app.build/Debug-iphonesimulator/swift-sample-app-6f861ac062120a4eaea78e3562438ba5-VFS-iphonesimulator/all-product-headers.yaml -Xcc -iquote -Xcc /Users/sumeru.chatterjee/Library/Developer/Xcode/DerivedData/swift-sample-app-grdxdamkgtheuxbaunedxbokefvq/Build/Intermediates.noindex/swift-sample-app.build/Debug-iphonesimulator/swift-sample-app.build/swift-sample-app-project-headers.hmap -Xcc -I/Users/sumeru.chatterjee/Library/Developer/Xcode/DerivedData/swift-sample-app-grdxdamkgtheuxbaunedxbokefvq/Build/Products/Debug-iphonesimulator/include -Xcc -I/Users/sumeru.chatterjee/Library/Developer/Xcode/DerivedData/swift-sample-app-grdxdamkgtheuxbaunedxbokefvq/Build/Intermediates.noindex/swift-sample-app.build/Debug-iphonesimulator/swift-sample-app.build/DerivedSources-normal/arm64 -Xcc -I/Users/sumeru.chatterjee/Library/Developer/Xcode/DerivedData/swift-sample-app-grdxdamkgtheuxbaunedxbokefvq/Build/Intermediates.noindex/swift-sample-app.build/Debug-iphonesimulator/swift-sample-app.build/DerivedSources/arm64 -Xcc -I/Users/sumeru.chatterjee/Library/Developer/Xcode/DerivedData/swift-sample-app-grdxdamkgtheuxbaunedxbokefvq/Build/Intermediates.noindex/swift-sample-app.build/Debug-iphonesimulator/swift-sample-app.build/DerivedSources -Xcc -DDEBUG\=1 -module-name swift_sample_app -frontend-parseable-output -disable-clang-spi -target-sdk-version 18.2 -target-sdk-name iphonesimulator18.2 -external-plugin-path /Applications/Xcode.app/Contents/Developer/Platforms/iPhoneOS.platform/Developer/usr/lib/swift/host/plugins\#/Applications/Xcode.app/Contents/Developer/Platforms/iPhoneOS.platform/Developer/usr/bin/swift-plugin-server -external-plugin-path /Applications/Xcode.app/Contents/Developer/Platforms/iPhoneOS.platform/Developer/usr/local/lib/swift/host/plugins\#/Applications/Xcode.app/Contents/Developer/Platforms/iPhoneOS.platform/Developer/usr/bin/swift-plugin-server -plugin-path /Applications/Xcode.app/Contents/Developer/Toolchains/XcodeDefault.xctoolchain/usr/lib/swift/host/plugins -plugin-path /Applications/Xcode.app/Contents/Developer/Toolchains/XcodeDefault.xctoolchain/usr/local/lib/swift/host/plugins -emit-module-doc-path /Users/sumeru.chatterjee/Library/Developer/Xcode/DerivedData/swift-sample-app-grdxdamkgtheuxbaunedxbokefvq/Build/Intermediates.noindex/swift-sample-app.build/Debug-iphonesimulator/swift-sample-app.build/Objects-normal/arm64/swift_sample_app.swiftdoc -emit-module-source-info-path /Users/sumeru.chatterjee/Library/Developer/Xcode/DerivedData/swift-sample-app-grdxdamkgtheuxbaunedxbokefvq/Build/Intermediates.noindex/swift-sample-app.build/Debug-iphonesimulator/swift-sample-app.build/Objects-normal/arm64/swift_sample_app.swiftsourceinfo -emit-objc-header-path /Users/sumeru.chatterjee/Library/Developer/Xcode/DerivedData/swift-sample-app-grdxdamkgtheuxbaunedxbokefvq/Build/Intermediates.noindex/swift-sample-app.build/Debug-iphonesimulator/swift-sample-app.build/Objects-normal/arm64/swift_sample_app-Swift.h -serialize-diagnostics-path /Users/sumeru.chatterjee/Library/Developer/Xcode/DerivedData/swift-sample-app-grdxdamkgtheuxbaunedxbokefvq/Build/Intermediates.noindex/swift-sample-app.build/Debug-iphonesimulator/swift-sample-app.build/Objects-normal/arm64/swift-sample-app-master-emit-module.dia -emit-dependencies-path /Users/sumeru.chatterjee/Library/Developer/Xcode/DerivedData/swift-sample-app-grdxdamkgtheuxbaunedxbokefvq/Build/Intermediates.noindex/swift-sample-app.build/Debug-iphonesimulator/swift-sample-app.build/Objects-normal/arm64/swift-sample-app-master-emit-module.d -o /Users/sumeru.chatterjee/Library/Developer/Xcode/DerivedData/swift-sample-app-grdxdamkgtheuxbaunedxbokefvq/Build/Intermediates.noindex/swift-sample-app.build/Debug-iphonesimulator/swift-sample-app.build/Objects-normal/arm64/swift_sample_app.swiftmodule -emit-abi-descriptor-path /Users/sumeru.chatterjee/Library/Developer/Xcode/DerivedData/swift-sample-app-grdxdamkgtheuxbaunedxbokefvq/Build/Intermediates.noindex/swift-sample-app.build/Debug-iphonesimulator/swift-sample-app.build/Objects-normal/arm64/swift_sample_app.abi.json

EmitSwiftModule normal arm64 (in target 'swift-sample-app' from project 'swift-sample-app')
    cd /Users/sumeru.chatterjee/Projects/swift-sdk/sample-apps/swift-sample-app
    /Applications/Xcode.app/Contents/Developer/Toolchains/XcodeDefault.xctoolchain/usr/bin/swift-frontend -emit-module -experimental-skip-non-inlinable-function-bodies-without-types /Users/sumeru.chatterjee/Projects/swift-sdk/sample-apps/swift-sample-app/swift-sample-app/EmbeddedMessages/EmbeddedMessagesViewController.swift /Users/sumeru.chatterjee/Projects/swift-sdk/sample-apps/swift-sample-app/swift-sample-app/EmbeddedMessages/IterableCardViewCell.swift /Users/sumeru.chatterjee/Projects/swift-sdk/sample-apps/swift-sample-app/swift-sample-app/CoffeeViewController.swift /Users/sumeru.chatterjee/Projects/swift-sdk/sample-apps/swift-sample-app/swift-sample-app/AppDelegate.swift /Users/sumeru.chatterjee/Projects/swift-sdk/sample-apps/swift-sample-app/swift-sample-app/DeepLinkHandler.swift /Users/sumeru.chatterjee/Projects/swift-sdk/sample-apps/swift-sample-app/swift-sample-app/LoginViewController.swift /Users/sumeru.chatterjee/Projects/swift-sdk/sample-apps/swift-sample-app/swift-sample-app/CoffeeType.swift /Users/sumeru.chatterjee/Projects/swift-sdk/sample-apps/swift-sample-app/swift-sample-app/UIViewController+Extension.swift /Users/sumeru.chatterjee/Projects/swift-sdk/sample-apps/swift-sample-app/swift-sample-app/CoffeeListTableViewController.swift /Users/sumeru.chatterjee/Library/Developer/Xcode/DerivedData/swift-sample-app-grdxdamkgtheuxbaunedxbokefvq/Build/Intermediates.noindex/swift-sample-app.build/Debug-iphonesimulator/swift-sample-app.build/DerivedSources/GeneratedAssetSymbols.swift -target arm64-apple-ios12.0-simulator -Xllvm -aarch64-use-tbi -enable-objc-interop -sdk /Applications/Xcode.app/Contents/Developer/Platforms/iPhoneSimulator.platform/Developer/SDKs/iPhoneSimulator18.2.sdk -I /Users/sumeru.chatterjee/Library/Developer/Xcode/DerivedData/swift-sample-app-grdxdamkgtheuxbaunedxbokefvq/Build/Products/Debug-iphonesimulator -F /Users/sumeru.chatterjee/Library/Developer/Xcode/DerivedData/swift-sample-app-grdxdamkgtheuxbaunedxbokefvq/Build/Products/Debug-iphonesimulator/PackageFrameworks -F /Users/sumeru.chatterjee/Library/Developer/Xcode/DerivedData/swift-sample-app-grdxdamkgtheuxbaunedxbokefvq/Build/Products/Debug-iphonesimulator -no-color-diagnostics -enable-testing -g -debug-info-format\=dwarf -dwarf-version\=4 -module-cache-path /Users/sumeru.chatterjee/Library/Developer/Xcode/DerivedData/ModuleCache.noindex -swift-version 5 -enforce-exclusivity\=checked -Onone -D DEBUG -serialize-debugging-options -const-gather-protocols-file /Users/sumeru.chatterjee/Library/Developer/Xcode/DerivedData/swift-sample-app-grdxdamkgtheuxbaunedxbokefvq/Build/Intermediates.noindex/swift-sample-app.build/Debug-iphonesimulator/swift-sample-app.build/Objects-normal/arm64/swift-sample-app_const_extract_protocols.json -enable-experimental-feature DebugDescriptionMacro -enable-experimental-feature OpaqueTypeErasure -enable-bare-slash-regex -empty-abi-descriptor -validate-clang-modules-once -clang-build-session-file /Users/sumeru.chatterjee/Library/Developer/Xcode/DerivedData/ModuleCache.noindex/Session.modulevalidation -Xcc -working-directory -Xcc /Users/sumeru.chatterjee/Projects/swift-sdk/sample-apps/swift-sample-app -resource-dir /Applications/Xcode.app/Contents/Developer/Toolchains/XcodeDefault.xctoolchain/usr/lib/swift -enable-anonymous-context-mangled-names -file-compilation-dir /Users/sumeru.chatterjee/Projects/swift-sdk/sample-apps/swift-sample-app -Xcc -D_LIBCPP_HARDENING_MODE\=_LIBCPP_HARDENING_MODE_DEBUG -Xcc -ivfsstatcache -Xcc /Users/sumeru.chatterjee/Library/Developer/Xcode/DerivedData/SDKStatCaches.noindex/iphonesimulator18.2-22C146-07b28473f605e47e75261259d3ef3b5a.sdkstatcache -Xcc -I/Users/sumeru.chatterjee/Library/Developer/Xcode/DerivedData/swift-sample-app-grdxdamkgtheuxbaunedxbokefvq/Build/Intermediates.noindex/swift-sample-app.build/Debug-iphonesimulator/swift-sample-app.build/swift-overrides.hmap -Xcc -iquote -Xcc /Users/sumeru.chatterjee/Library/Developer/Xcode/DerivedData/swift-sample-app-grdxdamkgtheuxbaunedxbokefvq/Build/Intermediates.noindex/swift-sample-app.build/Debug-iphonesimulator/swift-sample-app.build/swift-sample-app-generated-files.hmap -Xcc -I/Users/sumeru.chatterjee/Library/Developer/Xcode/DerivedData/swift-sample-app-grdxdamkgtheuxbaunedxbokefvq/Build/Intermediates.noindex/swift-sample-app.build/Debug-iphonesimulator/swift-sample-app.build/swift-sample-app-own-target-headers.hmap -Xcc -I/Users/sumeru.chatterjee/Library/Developer/Xcode/DerivedData/swift-sample-app-grdxdamkgtheuxbaunedxbokefvq/Build/Intermediates.noindex/swift-sample-app.build/Debug-iphonesimulator/swift-sample-app.build/swift-sample-app-all-non-framework-target-headers.hmap -Xcc -ivfsoverlay -Xcc /Users/sumeru.chatterjee/Library/Developer/Xcode/DerivedData/swift-sample-app-grdxdamkgtheuxbaunedxbokefvq/Build/Intermediates.noindex/swift-sample-app.build/Debug-iphonesimulator/swift-sample-app-6f861ac062120a4eaea78e3562438ba5-VFS-iphonesimulator/all-product-headers.yaml -Xcc -iquote -Xcc /Users/sumeru.chatterjee/Library/Developer/Xcode/DerivedData/swift-sample-app-grdxdamkgtheuxbaunedxbokefvq/Build/Intermediates.noindex/swift-sample-app.build/Debug-iphonesimulator/swift-sample-app.build/swift-sample-app-project-headers.hmap -Xcc -I/Users/sumeru.chatterjee/Library/Developer/Xcode/DerivedData/swift-sample-app-grdxdamkgtheuxbaunedxbokefvq/Build/Products/Debug-iphonesimulator/include -Xcc -I/Users/sumeru.chatterjee/Library/Developer/Xcode/DerivedData/swift-sample-app-grdxdamkgtheuxbaunedxbokefvq/Build/Intermediates.noindex/swift-sample-app.build/Debug-iphonesimulator/swift-sample-app.build/DerivedSources-normal/arm64 -Xcc -I/Users/sumeru.chatterjee/Library/Developer/Xcode/DerivedData/swift-sample-app-grdxdamkgtheuxbaunedxbokefvq/Build/Intermediates.noindex/swift-sample-app.build/Debug-iphonesimulator/swift-sample-app.build/DerivedSources/arm64 -Xcc -I/Users/sumeru.chatterjee/Library/Developer/Xcode/DerivedData/swift-sample-app-grdxdamkgtheuxbaunedxbokefvq/Build/Intermediates.noindex/swift-sample-app.build/Debug-iphonesimulator/swift-sample-app.build/DerivedSources -Xcc -DDEBUG\=1 -module-name swift_sample_app -frontend-parseable-output -disable-clang-spi -target-sdk-version 18.2 -target-sdk-name iphonesimulator18.2 -external-plugin-path /Applications/Xcode.app/Contents/Developer/Platforms/iPhoneOS.platform/Developer/usr/lib/swift/host/plugins\#/Applications/Xcode.app/Contents/Developer/Platforms/iPhoneOS.platform/Developer/usr/bin/swift-plugin-server -external-plugin-path /Applications/Xcode.app/Contents/Developer/Platforms/iPhoneOS.platform/Developer/usr/local/lib/swift/host/plugins\#/Applications/Xcode.app/Contents/Developer/Platforms/iPhoneOS.platform/Developer/usr/bin/swift-plugin-server -plugin-path /Applications/Xcode.app/Contents/Developer/Toolchains/XcodeDefault.xctoolchain/usr/lib/swift/host/plugins -plugin-path /Applications/Xcode.app/Contents/Developer/Toolchains/XcodeDefault.xctoolchain/usr/local/lib/swift/host/plugins -emit-module-doc-path /Users/sumeru.chatterjee/Library/Developer/Xcode/DerivedData/swift-sample-app-grdxdamkgtheuxbaunedxbokefvq/Build/Intermediates.noindex/swift-sample-app.build/Debug-iphonesimulator/swift-sample-app.build/Objects-normal/arm64/swift_sample_app.swiftdoc -emit-module-source-info-path /Users/sumeru.chatterjee/Library/Developer/Xcode/DerivedData/swift-sample-app-grdxdamkgtheuxbaunedxbokefvq/Build/Intermediates.noindex/swift-sample-app.build/Debug-iphonesimulator/swift-sample-app.build/Objects-normal/arm64/swift_sample_app.swiftsourceinfo -emit-objc-header-path /Users/sumeru.chatterjee/Library/Developer/Xcode/DerivedData/swift-sample-app-grdxdamkgtheuxbaunedxbokefvq/Build/Intermediates.noindex/swift-sample-app.build/Debug-iphonesimulator/swift-sample-app.build/Objects-normal/arm64/swift_sample_app-Swift.h -serialize-diagnostics-path /Users/sumeru.chatterjee/Library/Developer/Xcode/DerivedData/swift-sample-app-grdxdamkgtheuxbaunedxbokefvq/Build/Intermediates.noindex/swift-sample-app.build/Debug-iphonesimulator/swift-sample-app.build/Objects-normal/arm64/swift-sample-app-master-emit-module.dia -emit-dependencies-path /Users/sumeru.chatterjee/Library/Developer/Xcode/DerivedData/swift-sample-app-grdxdamkgtheuxbaunedxbokefvq/Build/Intermediates.noindex/swift-sample-app.build/Debug-iphonesimulator/swift-sample-app.build/Objects-normal/arm64/swift-sample-app-master-emit-module.d -o /Users/sumeru.chatterjee/Library/Developer/Xcode/DerivedData/swift-sample-app-grdxdamkgtheuxbaunedxbokefvq/Build/Intermediates.noindex/swift-sample-app.build/Debug-iphonesimulator/swift-sample-app.build/Objects-normal/arm64/swift_sample_app.swiftmodule -emit-abi-descriptor-path /Users/sumeru.chatterjee/Library/Developer/Xcode/DerivedData/swift-sample-app-grdxdamkgtheuxbaunedxbokefvq/Build/Intermediates.noindex/swift-sample-app.build/Debug-iphonesimulator/swift-sample-app.build/Objects-normal/arm64/swift_sample_app.abi.json

SwiftCompile normal arm64 Compiling\ CoffeeListTableViewController.swift /Users/sumeru.chatterjee/Projects/swift-sdk/sample-apps/swift-sample-app/swift-sample-app/CoffeeListTableViewController.swift (in target 'swift-sample-app' from project 'swift-sample-app')
    cd /Users/sumeru.chatterjee/Projects/swift-sdk/sample-apps/swift-sample-app
    builtin-swiftTaskExecution -- /Applications/Xcode.app/Contents/Developer/Toolchains/XcodeDefault.xctoolchain/usr/bin/swift-frontend -frontend -c /Users/sumeru.chatterjee/Projects/swift-sdk/sample-apps/swift-sample-app/swift-sample-app/EmbeddedMessages/EmbeddedMessagesViewController.swift /Users/sumeru.chatterjee/Projects/swift-sdk/sample-apps/swift-sample-app/swift-sample-app/EmbeddedMessages/IterableCardViewCell.swift /Users/sumeru.chatterjee/Projects/swift-sdk/sample-apps/swift-sample-app/swift-sample-app/CoffeeViewController.swift /Users/sumeru.chatterjee/Projects/swift-sdk/sample-apps/swift-sample-app/swift-sample-app/AppDelegate.swift /Users/sumeru.chatterjee/Projects/swift-sdk/sample-apps/swift-sample-app/swift-sample-app/DeepLinkHandler.swift /Users/sumeru.chatterjee/Projects/swift-sdk/sample-apps/swift-sample-app/swift-sample-app/LoginViewController.swift /Users/sumeru.chatterjee/Projects/swift-sdk/sample-apps/swift-sample-app/swift-sample-app/CoffeeType.swift /Users/sumeru.chatterjee/Projects/swift-sdk/sample-apps/swift-sample-app/swift-sample-app/UIViewController+Extension.swift -primary-file /Users/sumeru.chatterjee/Projects/swift-sdk/sample-apps/swift-sample-app/swift-sample-app/CoffeeListTableViewController.swift /Users/sumeru.chatterjee/Library/Developer/Xcode/DerivedData/swift-sample-app-grdxdamkgtheuxbaunedxbokefvq/Build/Intermediates.noindex/swift-sample-app.build/Debug-iphonesimulator/swift-sample-app.build/DerivedSources/GeneratedAssetSymbols.swift -emit-dependencies-path /Users/sumeru.chatterjee/Library/Developer/Xcode/DerivedData/swift-sample-app-grdxdamkgtheuxbaunedxbokefvq/Build/Intermediates.noindex/swift-sample-app.build/Debug-iphonesimulator/swift-sample-app.build/Objects-normal/arm64/CoffeeListTableViewController.d -emit-const-values-path /Users/sumeru.chatterjee/Library/Developer/Xcode/DerivedData/swift-sample-app-grdxdamkgtheuxbaunedxbokefvq/Build/Intermediates.noindex/swift-sample-app.build/Debug-iphonesimulator/swift-sample-app.build/Objects-normal/arm64/CoffeeListTableViewController.swiftconstvalues -emit-reference-dependencies-path /Users/sumeru.chatterjee/Library/Developer/Xcode/DerivedData/swift-sample-app-grdxdamkgtheuxbaunedxbokefvq/Build/Intermediates.noindex/swift-sample-app.build/Debug-iphonesimulator/swift-sample-app.build/Objects-normal/arm64/CoffeeListTableViewController.swiftdeps -serialize-diagnostics-path /Users/sumeru.chatterjee/Library/Developer/Xcode/DerivedData/swift-sample-app-grdxdamkgtheuxbaunedxbokefvq/Build/Intermediates.noindex/swift-sample-app.build/Debug-iphonesimulator/swift-sample-app.build/Objects-normal/arm64/CoffeeListTableViewController.dia -target arm64-apple-ios12.0-simulator -Xllvm -aarch64-use-tbi -enable-objc-interop -sdk /Applications/Xcode.app/Contents/Developer/Platforms/iPhoneSimulator.platform/Developer/SDKs/iPhoneSimulator18.2.sdk -I /Users/sumeru.chatterjee/Library/Developer/Xcode/DerivedData/swift-sample-app-grdxdamkgtheuxbaunedxbokefvq/Build/Products/Debug-iphonesimulator -F /Users/sumeru.chatterjee/Library/Developer/Xcode/DerivedData/swift-sample-app-grdxdamkgtheuxbaunedxbokefvq/Build/Products/Debug-iphonesimulator/PackageFrameworks -F /Users/sumeru.chatterjee/Library/Developer/Xcode/DerivedData/swift-sample-app-grdxdamkgtheuxbaunedxbokefvq/Build/Products/Debug-iphonesimulator -no-color-diagnostics -enable-testing -g -debug-info-format\=dwarf -dwarf-version\=4 -module-cache-path /Users/sumeru.chatterjee/Library/Developer/Xcode/DerivedData/ModuleCache.noindex -swift-version 5 -enforce-exclusivity\=checked -Onone -D DEBUG -serialize-debugging-options -const-gather-protocols-file /Users/sumeru.chatterjee/Library/Developer/Xcode/DerivedData/swift-sample-app-grdxdamkgtheuxbaunedxbokefvq/Build/Intermediates.noindex/swift-sample-app.build/Debug-iphonesimulator/swift-sample-app.build/Objects-normal/arm64/swift-sample-app_const_extract_protocols.json -enable-experimental-feature DebugDescriptionMacro -enable-experimental-feature OpaqueTypeErasure -enable-bare-slash-regex -empty-abi-descriptor -validate-clang-modules-once -clang-build-session-file /Users/sumeru.chatterjee/Library/Developer/Xcode/DerivedData/ModuleCache.noindex/Session.modulevalidation -Xcc -working-directory -Xcc /Users/sumeru.chatterjee/Projects/swift-sdk/sample-apps/swift-sample-app -resource-dir /Applications/Xcode.app/Contents/Developer/Toolchains/XcodeDefault.xctoolchain/usr/lib/swift -enable-anonymous-context-mangled-names -file-compilation-dir /Users/sumeru.chatterjee/Projects/swift-sdk/sample-apps/swift-sample-app -Xcc -D_LIBCPP_HARDENING_MODE\=_LIBCPP_HARDENING_MODE_DEBUG -Xcc -ivfsstatcache -Xcc /Users/sumeru.chatterjee/Library/Developer/Xcode/DerivedData/SDKStatCaches.noindex/iphonesimulator18.2-22C146-07b28473f605e47e75261259d3ef3b5a.sdkstatcache -Xcc -I/Users/sumeru.chatterjee/Library/Developer/Xcode/DerivedData/swift-sample-app-grdxdamkgtheuxbaunedxbokefvq/Build/Intermediates.noindex/swift-sample-app.build/Debug-iphonesimulator/swift-sample-app.build/swift-overrides.hmap -Xcc -iquote -Xcc /Users/sumeru.chatterjee/Library/Developer/Xcode/DerivedData/swift-sample-app-grdxdamkgtheuxbaunedxbokefvq/Build/Intermediates.noindex/swift-sample-app.build/Debug-iphonesimulator/swift-sample-app.build/swift-sample-app-generated-files.hmap -Xcc -I/Users/sumeru.chatterjee/Library/Developer/Xcode/DerivedData/swift-sample-app-grdxdamkgtheuxbaunedxbokefvq/Build/Intermediates.noindex/swift-sample-app.build/Debug-iphonesimulator/swift-sample-app.build/swift-sample-app-own-target-headers.hmap -Xcc -I/Users/sumeru.chatterjee/Library/Developer/Xcode/DerivedData/swift-sample-app-grdxdamkgtheuxbaunedxbokefvq/Build/Intermediates.noindex/swift-sample-app.build/Debug-iphonesimulator/swift-sample-app.build/swift-sample-app-all-non-framework-target-headers.hmap -Xcc -ivfsoverlay -Xcc /Users/sumeru.chatterjee/Library/Developer/Xcode/DerivedData/swift-sample-app-grdxdamkgtheuxbaunedxbokefvq/Build/Intermediates.noindex/swift-sample-app.build/Debug-iphonesimulator/swift-sample-app-6f861ac062120a4eaea78e3562438ba5-VFS-iphonesimulator/all-product-headers.yaml -Xcc -iquote -Xcc /Users/sumeru.chatterjee/Library/Developer/Xcode/DerivedData/swift-sample-app-grdxdamkgtheuxbaunedxbokefvq/Build/Intermediates.noindex/swift-sample-app.build/Debug-iphonesimulator/swift-sample-app.build/swift-sample-app-project-headers.hmap -Xcc -I/Users/sumeru.chatterjee/Library/Developer/Xcode/DerivedData/swift-sample-app-grdxdamkgtheuxbaunedxbokefvq/Build/Products/Debug-iphonesimulator/include -Xcc -I/Users/sumeru.chatterjee/Library/Developer/Xcode/DerivedData/swift-sample-app-grdxdamkgtheuxbaunedxbokefvq/Build/Intermediates.noindex/swift-sample-app.build/Debug-iphonesimulator/swift-sample-app.build/DerivedSources-normal/arm64 -Xcc -I/Users/sumeru.chatterjee/Library/Developer/Xcode/DerivedData/swift-sample-app-grdxdamkgtheuxbaunedxbokefvq/Build/Intermediates.noindex/swift-sample-app.build/Debug-iphonesimulator/swift-sample-app.build/DerivedSources/arm64 -Xcc -I/Users/sumeru.chatterjee/Library/Developer/Xcode/DerivedData/swift-sample-app-grdxdamkgtheuxbaunedxbokefvq/Build/Intermediates.noindex/swift-sample-app.build/Debug-iphonesimulator/swift-sample-app.build/DerivedSources -Xcc -DDEBUG\=1 -module-name swift_sample_app -frontend-parseable-output -disable-clang-spi -target-sdk-version 18.2 -target-sdk-name iphonesimulator18.2 -external-plugin-path /Applications/Xcode.app/Contents/Developer/Platforms/iPhoneOS.platform/Developer/usr/lib/swift/host/plugins\#/Applications/Xcode.app/Contents/Developer/Platforms/iPhoneOS.platform/Developer/usr/bin/swift-plugin-server -external-plugin-path /Applications/Xcode.app/Contents/Developer/Platforms/iPhoneOS.platform/Developer/usr/local/lib/swift/host/plugins\#/Applications/Xcode.app/Contents/Developer/Platforms/iPhoneOS.platform/Developer/usr/bin/swift-plugin-server -plugin-path /Applications/Xcode.app/Contents/Developer/Toolchains/XcodeDefault.xctoolchain/usr/lib/swift/host/plugins -plugin-path /Applications/Xcode.app/Contents/Developer/Toolchains/XcodeDefault.xctoolchain/usr/local/lib/swift/host/plugins -o /Users/sumeru.chatterjee/Library/Developer/Xcode/DerivedData/swift-sample-app-grdxdamkgtheuxbaunedxbokefvq/Build/Intermediates.noindex/swift-sample-app.build/Debug-iphonesimulator/swift-sample-app.build/Objects-normal/arm64/CoffeeListTableViewController.o -index-unit-output-path /swift-sample-app.build/Debug-iphonesimulator/swift-sample-app.build/Objects-normal/arm64/CoffeeListTableViewController.o -index-store-path /Users/sumeru.chatterjee/Library/Developer/Xcode/DerivedData/swift-sample-app-grdxdamkgtheuxbaunedxbokefvq/Index.noindex/DataStore -index-system-modules

SwiftCompile normal arm64 /Users/sumeru.chatterjee/Projects/swift-sdk/sample-apps/swift-sample-app/swift-sample-app/CoffeeListTableViewController.swift (in target 'swift-sample-app' from project 'swift-sample-app')
    cd /Users/sumeru.chatterjee/Projects/swift-sdk/sample-apps/swift-sample-app
    /Applications/Xcode.app/Contents/Developer/Toolchains/XcodeDefault.xctoolchain/usr/bin/swift-frontend -c /Users/sumeru.chatterjee/Projects/swift-sdk/sample-apps/swift-sample-app/swift-sample-app/EmbeddedMessages/EmbeddedMessagesViewController.swift /Users/sumeru.chatterjee/Projects/swift-sdk/sample-apps/swift-sample-app/swift-sample-app/EmbeddedMessages/IterableCardViewCell.swift /Users/sumeru.chatterjee/Projects/swift-sdk/sample-apps/swift-sample-app/swift-sample-app/CoffeeViewController.swift /Users/sumeru.chatterjee/Projects/swift-sdk/sample-apps/swift-sample-app/swift-sample-app/AppDelegate.swift /Users/sumeru.chatterjee/Projects/swift-sdk/sample-apps/swift-sample-app/swift-sample-app/DeepLinkHandler.swift /Users/sumeru.chatterjee/Projects/swift-sdk/sample-apps/swift-sample-app/swift-sample-app/LoginViewController.swift /Users/sumeru.chatterjee/Projects/swift-sdk/sample-apps/swift-sample-app/swift-sample-app/CoffeeType.swift /Users/sumeru.chatterjee/Projects/swift-sdk/sample-apps/swift-sample-app/swift-sample-app/UIViewController+Extension.swift -primary-file /Users/sumeru.chatterjee/Projects/swift-sdk/sample-apps/swift-sample-app/swift-sample-app/CoffeeListTableViewController.swift /Users/sumeru.chatterjee/Library/Developer/Xcode/DerivedData/swift-sample-app-grdxdamkgtheuxbaunedxbokefvq/Build/Intermediates.noindex/swift-sample-app.build/Debug-iphonesimulator/swift-sample-app.build/DerivedSources/GeneratedAssetSymbols.swift -emit-dependencies-path /Users/sumeru.chatterjee/Library/Developer/Xcode/DerivedData/swift-sample-app-grdxdamkgtheuxbaunedxbokefvq/Build/Intermediates.noindex/swift-sample-app.build/Debug-iphonesimulator/swift-sample-app.build/Objects-normal/arm64/CoffeeListTableViewController.d -emit-const-values-path /Users/sumeru.chatterjee/Library/Developer/Xcode/DerivedData/swift-sample-app-grdxdamkgtheuxbaunedxbokefvq/Build/Intermediates.noindex/swift-sample-app.build/Debug-iphonesimulator/swift-sample-app.build/Objects-normal/arm64/CoffeeListTableViewController.swiftconstvalues -emit-reference-dependencies-path /Users/sumeru.chatterjee/Library/Developer/Xcode/DerivedData/swift-sample-app-grdxdamkgtheuxbaunedxbokefvq/Build/Intermediates.noindex/swift-sample-app.build/Debug-iphonesimulator/swift-sample-app.build/Objects-normal/arm64/CoffeeListTableViewController.swiftdeps -serialize-diagnostics-path /Users/sumeru.chatterjee/Library/Developer/Xcode/DerivedData/swift-sample-app-grdxdamkgtheuxbaunedxbokefvq/Build/Intermediates.noindex/swift-sample-app.build/Debug-iphonesimulator/swift-sample-app.build/Objects-normal/arm64/CoffeeListTableViewController.dia -target arm64-apple-ios12.0-simulator -Xllvm -aarch64-use-tbi -enable-objc-interop -sdk /Applications/Xcode.app/Contents/Developer/Platforms/iPhoneSimulator.platform/Developer/SDKs/iPhoneSimulator18.2.sdk -I /Users/sumeru.chatterjee/Library/Developer/Xcode/DerivedData/swift-sample-app-grdxdamkgtheuxbaunedxbokefvq/Build/Products/Debug-iphonesimulator -F /Users/sumeru.chatterjee/Library/Developer/Xcode/DerivedData/swift-sample-app-grdxdamkgtheuxbaunedxbokefvq/Build/Products/Debug-iphonesimulator/PackageFrameworks -F /Users/sumeru.chatterjee/Library/Developer/Xcode/DerivedData/swift-sample-app-grdxdamkgtheuxbaunedxbokefvq/Build/Products/Debug-iphonesimulator -no-color-diagnostics -enable-testing -g -debug-info-format\=dwarf -dwarf-version\=4 -module-cache-path /Users/sumeru.chatterjee/Library/Developer/Xcode/DerivedData/ModuleCache.noindex -swift-version 5 -enforce-exclusivity\=checked -Onone -D DEBUG -serialize-debugging-options -const-gather-protocols-file /Users/sumeru.chatterjee/Library/Developer/Xcode/DerivedData/swift-sample-app-grdxdamkgtheuxbaunedxbokefvq/Build/Intermediates.noindex/swift-sample-app.build/Debug-iphonesimulator/swift-sample-app.build/Objects-normal/arm64/swift-sample-app_const_extract_protocols.json -enable-experimental-feature DebugDescriptionMacro -enable-experimental-feature OpaqueTypeErasure -enable-bare-slash-regex -empty-abi-descriptor -validate-clang-modules-once -clang-build-session-file /Users/sumeru.chatterjee/Library/Developer/Xcode/DerivedData/ModuleCache.noindex/Session.modulevalidation -Xcc -working-directory -Xcc /Users/sumeru.chatterjee/Projects/swift-sdk/sample-apps/swift-sample-app -resource-dir /Applications/Xcode.app/Contents/Developer/Toolchains/XcodeDefault.xctoolchain/usr/lib/swift -enable-anonymous-context-mangled-names -file-compilation-dir /Users/sumeru.chatterjee/Projects/swift-sdk/sample-apps/swift-sample-app -Xcc -D_LIBCPP_HARDENING_MODE\=_LIBCPP_HARDENING_MODE_DEBUG -Xcc -ivfsstatcache -Xcc /Users/sumeru.chatterjee/Library/Developer/Xcode/DerivedData/SDKStatCaches.noindex/iphonesimulator18.2-22C146-07b28473f605e47e75261259d3ef3b5a.sdkstatcache -Xcc -I/Users/sumeru.chatterjee/Library/Developer/Xcode/DerivedData/swift-sample-app-grdxdamkgtheuxbaunedxbokefvq/Build/Intermediates.noindex/swift-sample-app.build/Debug-iphonesimulator/swift-sample-app.build/swift-overrides.hmap -Xcc -iquote -Xcc /Users/sumeru.chatterjee/Library/Developer/Xcode/DerivedData/swift-sample-app-grdxdamkgtheuxbaunedxbokefvq/Build/Intermediates.noindex/swift-sample-app.build/Debug-iphonesimulator/swift-sample-app.build/swift-sample-app-generated-files.hmap -Xcc -I/Users/sumeru.chatterjee/Library/Developer/Xcode/DerivedData/swift-sample-app-grdxdamkgtheuxbaunedxbokefvq/Build/Intermediates.noindex/swift-sample-app.build/Debug-iphonesimulator/swift-sample-app.build/swift-sample-app-own-target-headers.hmap -Xcc -I/Users/sumeru.chatterjee/Library/Developer/Xcode/DerivedData/swift-sample-app-grdxdamkgtheuxbaunedxbokefvq/Build/Intermediates.noindex/swift-sample-app.build/Debug-iphonesimulator/swift-sample-app.build/swift-sample-app-all-non-framework-target-headers.hmap -Xcc -ivfsoverlay -Xcc /Users/sumeru.chatterjee/Library/Developer/Xcode/DerivedData/swift-sample-app-grdxdamkgtheuxbaunedxbokefvq/Build/Intermediates.noindex/swift-sample-app.build/Debug-iphonesimulator/swift-sample-app-6f861ac062120a4eaea78e3562438ba5-VFS-iphonesimulator/all-product-headers.yaml -Xcc -iquote -Xcc /Users/sumeru.chatterjee/Library/Developer/Xcode/DerivedData/swift-sample-app-grdxdamkgtheuxbaunedxbokefvq/Build/Intermediates.noindex/swift-sample-app.build/Debug-iphonesimulator/swift-sample-app.build/swift-sample-app-project-headers.hmap -Xcc -I/Users/sumeru.chatterjee/Library/Developer/Xcode/DerivedData/swift-sample-app-grdxdamkgtheuxbaunedxbokefvq/Build/Products/Debug-iphonesimulator/include -Xcc -I/Users/sumeru.chatterjee/Library/Developer/Xcode/DerivedData/swift-sample-app-grdxdamkgtheuxbaunedxbokefvq/Build/Intermediates.noindex/swift-sample-app.build/Debug-iphonesimulator/swift-sample-app.build/DerivedSources-normal/arm64 -Xcc -I/Users/sumeru.chatterjee/Library/Developer/Xcode/DerivedData/swift-sample-app-grdxdamkgtheuxbaunedxbokefvq/Build/Intermediates.noindex/swift-sample-app.build/Debug-iphonesimulator/swift-sample-app.build/DerivedSources/arm64 -Xcc -I/Users/sumeru.chatterjee/Library/Developer/Xcode/DerivedData/swift-sample-app-grdxdamkgtheuxbaunedxbokefvq/Build/Intermediates.noindex/swift-sample-app.build/Debug-iphonesimulator/swift-sample-app.build/DerivedSources -Xcc -DDEBUG\=1 -module-name swift_sample_app -frontend-parseable-output -disable-clang-spi -target-sdk-version 18.2 -target-sdk-name iphonesimulator18.2 -external-plugin-path /Applications/Xcode.app/Contents/Developer/Platforms/iPhoneOS.platform/Developer/usr/lib/swift/host/plugins\#/Applications/Xcode.app/Contents/Developer/Platforms/iPhoneOS.platform/Developer/usr/bin/swift-plugin-server -external-plugin-path /Applications/Xcode.app/Contents/Developer/Platforms/iPhoneOS.platform/Developer/usr/local/lib/swift/host/plugins\#/Applications/Xcode.app/Contents/Developer/Platforms/iPhoneOS.platform/Developer/usr/bin/swift-plugin-server -plugin-path /Applications/Xcode.app/Contents/Developer/Toolchains/XcodeDefault.xctoolchain/usr/lib/swift/host/plugins -plugin-path /Applications/Xcode.app/Contents/Developer/Toolchains/XcodeDefault.xctoolchain/usr/local/lib/swift/host/plugins -o /Users/sumeru.chatterjee/Library/Developer/Xcode/DerivedData/swift-sample-app-grdxdamkgtheuxbaunedxbokefvq/Build/Intermediates.noindex/swift-sample-app.build/Debug-iphonesimulator/swift-sample-app.build/Objects-normal/arm64/CoffeeListTableViewController.o -index-unit-output-path /swift-sample-app.build/Debug-iphonesimulator/swift-sample-app.build/Objects-normal/arm64/CoffeeListTableViewController.o -index-store-path /Users/sumeru.chatterjee/Library/Developer/Xcode/DerivedData/swift-sample-app-grdxdamkgtheuxbaunedxbokefvq/Index.noindex/DataStore -index-system-modules
/Users/sumeru.chatterjee/Projects/swift-sdk/sample-apps/swift-sample-app/swift-sample-app/CoffeeListTableViewController.swift:40:9: error: cannot find 'setupIntegrationTestMode' in scope
        setupIntegrationTestMode()
        ^~~~~~~~~~~~~~~~~~~~~~~~

SwiftCompile normal arm64 Compiling\ AppDelegate.swift /Users/sumeru.chatterjee/Projects/swift-sdk/sample-apps/swift-sample-app/swift-sample-app/AppDelegate.swift (in target 'swift-sample-app' from project 'swift-sample-app')
    cd /Users/sumeru.chatterjee/Projects/swift-sdk/sample-apps/swift-sample-app
    builtin-swiftTaskExecution -- /Applications/Xcode.app/Contents/Developer/Toolchains/XcodeDefault.xctoolchain/usr/bin/swift-frontend -frontend -c /Users/sumeru.chatterjee/Projects/swift-sdk/sample-apps/swift-sample-app/swift-sample-app/EmbeddedMessages/EmbeddedMessagesViewController.swift /Users/sumeru.chatterjee/Projects/swift-sdk/sample-apps/swift-sample-app/swift-sample-app/EmbeddedMessages/IterableCardViewCell.swift /Users/sumeru.chatterjee/Projects/swift-sdk/sample-apps/swift-sample-app/swift-sample-app/CoffeeViewController.swift -primary-file /Users/sumeru.chatterjee/Projects/swift-sdk/sample-apps/swift-sample-app/swift-sample-app/AppDelegate.swift /Users/sumeru.chatterjee/Projects/swift-sdk/sample-apps/swift-sample-app/swift-sample-app/DeepLinkHandler.swift /Users/sumeru.chatterjee/Projects/swift-sdk/sample-apps/swift-sample-app/swift-sample-app/LoginViewController.swift /Users/sumeru.chatterjee/Projects/swift-sdk/sample-apps/swift-sample-app/swift-sample-app/CoffeeType.swift /Users/sumeru.chatterjee/Projects/swift-sdk/sample-apps/swift-sample-app/swift-sample-app/UIViewController+Extension.swift /Users/sumeru.chatterjee/Projects/swift-sdk/sample-apps/swift-sample-app/swift-sample-app/CoffeeListTableViewController.swift /Users/sumeru.chatterjee/Library/Developer/Xcode/DerivedData/swift-sample-app-grdxdamkgtheuxbaunedxbokefvq/Build/Intermediates.noindex/swift-sample-app.build/Debug-iphonesimulator/swift-sample-app.build/DerivedSources/GeneratedAssetSymbols.swift -emit-dependencies-path /Users/sumeru.chatterjee/Library/Developer/Xcode/DerivedData/swift-sample-app-grdxdamkgtheuxbaunedxbokefvq/Build/Intermediates.noindex/swift-sample-app.build/Debug-iphonesimulator/swift-sample-app.build/Objects-normal/arm64/AppDelegate.d -emit-const-values-path /Users/sumeru.chatterjee/Library/Developer/Xcode/DerivedData/swift-sample-app-grdxdamkgtheuxbaunedxbokefvq/Build/Intermediates.noindex/swift-sample-app.build/Debug-iphonesimulator/swift-sample-app.build/Objects-normal/arm64/AppDelegate.swiftconstvalues -emit-reference-dependencies-path /Users/sumeru.chatterjee/Library/Developer/Xcode/DerivedData/swift-sample-app-grdxdamkgtheuxbaunedxbokefvq/Build/Intermediates.noindex/swift-sample-app.build/Debug-iphonesimulator/swift-sample-app.build/Objects-normal/arm64/AppDelegate.swiftdeps -serialize-diagnostics-path /Users/sumeru.chatterjee/Library/Developer/Xcode/DerivedData/swift-sample-app-grdxdamkgtheuxbaunedxbokefvq/Build/Intermediates.noindex/swift-sample-app.build/Debug-iphonesimulator/swift-sample-app.build/Objects-normal/arm64/AppDelegate.dia -target arm64-apple-ios12.0-simulator -Xllvm -aarch64-use-tbi -enable-objc-interop -sdk /Applications/Xcode.app/Contents/Developer/Platforms/iPhoneSimulator.platform/Developer/SDKs/iPhoneSimulator18.2.sdk -I /Users/sumeru.chatterjee/Library/Developer/Xcode/DerivedData/swift-sample-app-grdxdamkgtheuxbaunedxbokefvq/Build/Products/Debug-iphonesimulator -F /Users/sumeru.chatterjee/Library/Developer/Xcode/DerivedData/swift-sample-app-grdxdamkgtheuxbaunedxbokefvq/Build/Products/Debug-iphonesimulator/PackageFrameworks -F /Users/sumeru.chatterjee/Library/Developer/Xcode/DerivedData/swift-sample-app-grdxdamkgtheuxbaunedxbokefvq/Build/Products/Debug-iphonesimulator -no-color-diagnostics -enable-testing -g -debug-info-format\=dwarf -dwarf-version\=4 -module-cache-path /Users/sumeru.chatterjee/Library/Developer/Xcode/DerivedData/ModuleCache.noindex -swift-version 5 -enforce-exclusivity\=checked -Onone -D DEBUG -serialize-debugging-options -const-gather-protocols-file /Users/sumeru.chatterjee/Library/Developer/Xcode/DerivedData/swift-sample-app-grdxdamkgtheuxbaunedxbokefvq/Build/Intermediates.noindex/swift-sample-app.build/Debug-iphonesimulator/swift-sample-app.build/Objects-normal/arm64/swift-sample-app_const_extract_protocols.json -enable-experimental-feature DebugDescriptionMacro -enable-experimental-feature OpaqueTypeErasure -enable-bare-slash-regex -empty-abi-descriptor -validate-clang-modules-once -clang-build-session-file /Users/sumeru.chatterjee/Library/Developer/Xcode/DerivedData/ModuleCache.noindex/Session.modulevalidation -Xcc -working-directory -Xcc /Users/sumeru.chatterjee/Projects/swift-sdk/sample-apps/swift-sample-app -resource-dir /Applications/Xcode.app/Contents/Developer/Toolchains/XcodeDefault.xctoolchain/usr/lib/swift -enable-anonymous-context-mangled-names -file-compilation-dir /Users/sumeru.chatterjee/Projects/swift-sdk/sample-apps/swift-sample-app -Xcc -D_LIBCPP_HARDENING_MODE\=_LIBCPP_HARDENING_MODE_DEBUG -Xcc -ivfsstatcache -Xcc /Users/sumeru.chatterjee/Library/Developer/Xcode/DerivedData/SDKStatCaches.noindex/iphonesimulator18.2-22C146-07b28473f605e47e75261259d3ef3b5a.sdkstatcache -Xcc -I/Users/sumeru.chatterjee/Library/Developer/Xcode/DerivedData/swift-sample-app-grdxdamkgtheuxbaunedxbokefvq/Build/Intermediates.noindex/swift-sample-app.build/Debug-iphonesimulator/swift-sample-app.build/swift-overrides.hmap -Xcc -iquote -Xcc /Users/sumeru.chatterjee/Library/Developer/Xcode/DerivedData/swift-sample-app-grdxdamkgtheuxbaunedxbokefvq/Build/Intermediates.noindex/swift-sample-app.build/Debug-iphonesimulator/swift-sample-app.build/swift-sample-app-generated-files.hmap -Xcc -I/Users/sumeru.chatterjee/Library/Developer/Xcode/DerivedData/swift-sample-app-grdxdamkgtheuxbaunedxbokefvq/Build/Intermediates.noindex/swift-sample-app.build/Debug-iphonesimulator/swift-sample-app.build/swift-sample-app-own-target-headers.hmap -Xcc -I/Users/sumeru.chatterjee/Library/Developer/Xcode/DerivedData/swift-sample-app-grdxdamkgtheuxbaunedxbokefvq/Build/Intermediates.noindex/swift-sample-app.build/Debug-iphonesimulator/swift-sample-app.build/swift-sample-app-all-non-framework-target-headers.hmap -Xcc -ivfsoverlay -Xcc /Users/sumeru.chatterjee/Library/Developer/Xcode/DerivedData/swift-sample-app-grdxdamkgtheuxbaunedxbokefvq/Build/Intermediates.noindex/swift-sample-app.build/Debug-iphonesimulator/swift-sample-app-6f861ac062120a4eaea78e3562438ba5-VFS-iphonesimulator/all-product-headers.yaml -Xcc -iquote -Xcc /Users/sumeru.chatterjee/Library/Developer/Xcode/DerivedData/swift-sample-app-grdxdamkgtheuxbaunedxbokefvq/Build/Intermediates.noindex/swift-sample-app.build/Debug-iphonesimulator/swift-sample-app.build/swift-sample-app-project-headers.hmap -Xcc -I/Users/sumeru.chatterjee/Library/Developer/Xcode/DerivedData/swift-sample-app-grdxdamkgtheuxbaunedxbokefvq/Build/Products/Debug-iphonesimulator/include -Xcc -I/Users/sumeru.chatterjee/Library/Developer/Xcode/DerivedData/swift-sample-app-grdxdamkgtheuxbaunedxbokefvq/Build/Intermediates.noindex/swift-sample-app.build/Debug-iphonesimulator/swift-sample-app.build/DerivedSources-normal/arm64 -Xcc -I/Users/sumeru.chatterjee/Library/Developer/Xcode/DerivedData/swift-sample-app-grdxdamkgtheuxbaunedxbokefvq/Build/Intermediates.noindex/swift-sample-app.build/Debug-iphonesimulator/swift-sample-app.build/DerivedSources/arm64 -Xcc -I/Users/sumeru.chatterjee/Library/Developer/Xcode/DerivedData/swift-sample-app-grdxdamkgtheuxbaunedxbokefvq/Build/Intermediates.noindex/swift-sample-app.build/Debug-iphonesimulator/swift-sample-app.build/DerivedSources -Xcc -DDEBUG\=1 -module-name swift_sample_app -frontend-parseable-output -disable-clang-spi -target-sdk-version 18.2 -target-sdk-name iphonesimulator18.2 -external-plugin-path /Applications/Xcode.app/Contents/Developer/Platforms/iPhoneOS.platform/Developer/usr/lib/swift/host/plugins\#/Applications/Xcode.app/Contents/Developer/Platforms/iPhoneOS.platform/Developer/usr/bin/swift-plugin-server -external-plugin-path /Applications/Xcode.app/Contents/Developer/Platforms/iPhoneOS.platform/Developer/usr/local/lib/swift/host/plugins\#/Applications/Xcode.app/Contents/Developer/Platforms/iPhoneOS.platform/Developer/usr/bin/swift-plugin-server -plugin-path /Applications/Xcode.app/Contents/Developer/Toolchains/XcodeDefault.xctoolchain/usr/lib/swift/host/plugins -plugin-path /Applications/Xcode.app/Contents/Developer/Toolchains/XcodeDefault.xctoolchain/usr/local/lib/swift/host/plugins -o /Users/sumeru.chatterjee/Library/Developer/Xcode/DerivedData/swift-sample-app-grdxdamkgtheuxbaunedxbokefvq/Build/Intermediates.noindex/swift-sample-app.build/Debug-iphonesimulator/swift-sample-app.build/Objects-normal/arm64/AppDelegate.o -index-unit-output-path /swift-sample-app.build/Debug-iphonesimulator/swift-sample-app.build/Objects-normal/arm64/AppDelegate.o -index-store-path /Users/sumeru.chatterjee/Library/Developer/Xcode/DerivedData/swift-sample-app-grdxdamkgtheuxbaunedxbokefvq/Index.noindex/DataStore -index-system-modules

SwiftCompile normal arm64 /Users/sumeru.chatterjee/Projects/swift-sdk/sample-apps/swift-sample-app/swift-sample-app/AppDelegate.swift (in target 'swift-sample-app' from project 'swift-sample-app')
    cd /Users/sumeru.chatterjee/Projects/swift-sdk/sample-apps/swift-sample-app
    /Applications/Xcode.app/Contents/Developer/Toolchains/XcodeDefault.xctoolchain/usr/bin/swift-frontend -c /Users/sumeru.chatterjee/Projects/swift-sdk/sample-apps/swift-sample-app/swift-sample-app/EmbeddedMessages/EmbeddedMessagesViewController.swift /Users/sumeru.chatterjee/Projects/swift-sdk/sample-apps/swift-sample-app/swift-sample-app/EmbeddedMessages/IterableCardViewCell.swift /Users/sumeru.chatterjee/Projects/swift-sdk/sample-apps/swift-sample-app/swift-sample-app/CoffeeViewController.swift -primary-file /Users/sumeru.chatterjee/Projects/swift-sdk/sample-apps/swift-sample-app/swift-sample-app/AppDelegate.swift /Users/sumeru.chatterjee/Projects/swift-sdk/sample-apps/swift-sample-app/swift-sample-app/DeepLinkHandler.swift /Users/sumeru.chatterjee/Projects/swift-sdk/sample-apps/swift-sample-app/swift-sample-app/LoginViewController.swift /Users/sumeru.chatterjee/Projects/swift-sdk/sample-apps/swift-sample-app/swift-sample-app/CoffeeType.swift /Users/sumeru.chatterjee/Projects/swift-sdk/sample-apps/swift-sample-app/swift-sample-app/UIViewController+Extension.swift /Users/sumeru.chatterjee/Projects/swift-sdk/sample-apps/swift-sample-app/swift-sample-app/CoffeeListTableViewController.swift /Users/sumeru.chatterjee/Library/Developer/Xcode/DerivedData/swift-sample-app-grdxdamkgtheuxbaunedxbokefvq/Build/Intermediates.noindex/swift-sample-app.build/Debug-iphonesimulator/swift-sample-app.build/DerivedSources/GeneratedAssetSymbols.swift -emit-dependencies-path /Users/sumeru.chatterjee/Library/Developer/Xcode/DerivedData/swift-sample-app-grdxdamkgtheuxbaunedxbokefvq/Build/Intermediates.noindex/swift-sample-app.build/Debug-iphonesimulator/swift-sample-app.build/Objects-normal/arm64/AppDelegate.d -emit-const-values-path /Users/sumeru.chatterjee/Library/Developer/Xcode/DerivedData/swift-sample-app-grdxdamkgtheuxbaunedxbokefvq/Build/Intermediates.noindex/swift-sample-app.build/Debug-iphonesimulator/swift-sample-app.build/Objects-normal/arm64/AppDelegate.swiftconstvalues -emit-reference-dependencies-path /Users/sumeru.chatterjee/Library/Developer/Xcode/DerivedData/swift-sample-app-grdxdamkgtheuxbaunedxbokefvq/Build/Intermediates.noindex/swift-sample-app.build/Debug-iphonesimulator/swift-sample-app.build/Objects-normal/arm64/AppDelegate.swiftdeps -serialize-diagnostics-path /Users/sumeru.chatterjee/Library/Developer/Xcode/DerivedData/swift-sample-app-grdxdamkgtheuxbaunedxbokefvq/Build/Intermediates.noindex/swift-sample-app.build/Debug-iphonesimulator/swift-sample-app.build/Objects-normal/arm64/AppDelegate.dia -target arm64-apple-ios12.0-simulator -Xllvm -aarch64-use-tbi -enable-objc-interop -sdk /Applications/Xcode.app/Contents/Developer/Platforms/iPhoneSimulator.platform/Developer/SDKs/iPhoneSimulator18.2.sdk -I /Users/sumeru.chatterjee/Library/Developer/Xcode/DerivedData/swift-sample-app-grdxdamkgtheuxbaunedxbokefvq/Build/Products/Debug-iphonesimulator -F /Users/sumeru.chatterjee/Library/Developer/Xcode/DerivedData/swift-sample-app-grdxdamkgtheuxbaunedxbokefvq/Build/Products/Debug-iphonesimulator/PackageFrameworks -F /Users/sumeru.chatterjee/Library/Developer/Xcode/DerivedData/swift-sample-app-grdxdamkgtheuxbaunedxbokefvq/Build/Products/Debug-iphonesimulator -no-color-diagnostics -enable-testing -g -debug-info-format\=dwarf -dwarf-version\=4 -module-cache-path /Users/sumeru.chatterjee/Library/Developer/Xcode/DerivedData/ModuleCache.noindex -swift-version 5 -enforce-exclusivity\=checked -Onone -D DEBUG -serialize-debugging-options -const-gather-protocols-file /Users/sumeru.chatterjee/Library/Developer/Xcode/DerivedData/swift-sample-app-grdxdamkgtheuxbaunedxbokefvq/Build/Intermediates.noindex/swift-sample-app.build/Debug-iphonesimulator/swift-sample-app.build/Objects-normal/arm64/swift-sample-app_const_extract_protocols.json -enable-experimental-feature DebugDescriptionMacro -enable-experimental-feature OpaqueTypeErasure -enable-bare-slash-regex -empty-abi-descriptor -validate-clang-modules-once -clang-build-session-file /Users/sumeru.chatterjee/Library/Developer/Xcode/DerivedData/ModuleCache.noindex/Session.modulevalidation -Xcc -working-directory -Xcc /Users/sumeru.chatterjee/Projects/swift-sdk/sample-apps/swift-sample-app -resource-dir /Applications/Xcode.app/Contents/Developer/Toolchains/XcodeDefault.xctoolchain/usr/lib/swift -enable-anonymous-context-mangled-names -file-compilation-dir /Users/sumeru.chatterjee/Projects/swift-sdk/sample-apps/swift-sample-app -Xcc -D_LIBCPP_HARDENING_MODE\=_LIBCPP_HARDENING_MODE_DEBUG -Xcc -ivfsstatcache -Xcc /Users/sumeru.chatterjee/Library/Developer/Xcode/DerivedData/SDKStatCaches.noindex/iphonesimulator18.2-22C146-07b28473f605e47e75261259d3ef3b5a.sdkstatcache -Xcc -I/Users/sumeru.chatterjee/Library/Developer/Xcode/DerivedData/swift-sample-app-grdxdamkgtheuxbaunedxbokefvq/Build/Intermediates.noindex/swift-sample-app.build/Debug-iphonesimulator/swift-sample-app.build/swift-overrides.hmap -Xcc -iquote -Xcc /Users/sumeru.chatterjee/Library/Developer/Xcode/DerivedData/swift-sample-app-grdxdamkgtheuxbaunedxbokefvq/Build/Intermediates.noindex/swift-sample-app.build/Debug-iphonesimulator/swift-sample-app.build/swift-sample-app-generated-files.hmap -Xcc -I/Users/sumeru.chatterjee/Library/Developer/Xcode/DerivedData/swift-sample-app-grdxdamkgtheuxbaunedxbokefvq/Build/Intermediates.noindex/swift-sample-app.build/Debug-iphonesimulator/swift-sample-app.build/swift-sample-app-own-target-headers.hmap -Xcc -I/Users/sumeru.chatterjee/Library/Developer/Xcode/DerivedData/swift-sample-app-grdxdamkgtheuxbaunedxbokefvq/Build/Intermediates.noindex/swift-sample-app.build/Debug-iphonesimulator/swift-sample-app.build/swift-sample-app-all-non-framework-target-headers.hmap -Xcc -ivfsoverlay -Xcc /Users/sumeru.chatterjee/Library/Developer/Xcode/DerivedData/swift-sample-app-grdxdamkgtheuxbaunedxbokefvq/Build/Intermediates.noindex/swift-sample-app.build/Debug-iphonesimulator/swift-sample-app-6f861ac062120a4eaea78e3562438ba5-VFS-iphonesimulator/all-product-headers.yaml -Xcc -iquote -Xcc /Users/sumeru.chatterjee/Library/Developer/Xcode/DerivedData/swift-sample-app-grdxdamkgtheuxbaunedxbokefvq/Build/Intermediates.noindex/swift-sample-app.build/Debug-iphonesimulator/swift-sample-app.build/swift-sample-app-project-headers.hmap -Xcc -I/Users/sumeru.chatterjee/Library/Developer/Xcode/DerivedData/swift-sample-app-grdxdamkgtheuxbaunedxbokefvq/Build/Products/Debug-iphonesimulator/include -Xcc -I/Users/sumeru.chatterjee/Library/Developer/Xcode/DerivedData/swift-sample-app-grdxdamkgtheuxbaunedxbokefvq/Build/Intermediates.noindex/swift-sample-app.build/Debug-iphonesimulator/swift-sample-app.build/DerivedSources-normal/arm64 -Xcc -I/Users/sumeru.chatterjee/Library/Developer/Xcode/DerivedData/swift-sample-app-grdxdamkgtheuxbaunedxbokefvq/Build/Intermediates.noindex/swift-sample-app.build/Debug-iphonesimulator/swift-sample-app.build/DerivedSources/arm64 -Xcc -I/Users/sumeru.chatterjee/Library/Developer/Xcode/DerivedData/swift-sample-app-grdxdamkgtheuxbaunedxbokefvq/Build/Intermediates.noindex/swift-sample-app.build/Debug-iphonesimulator/swift-sample-app.build/DerivedSources -Xcc -DDEBUG\=1 -module-name swift_sample_app -frontend-parseable-output -disable-clang-spi -target-sdk-version 18.2 -target-sdk-name iphonesimulator18.2 -external-plugin-path /Applications/Xcode.app/Contents/Developer/Platforms/iPhoneOS.platform/Developer/usr/lib/swift/host/plugins\#/Applications/Xcode.app/Contents/Developer/Platforms/iPhoneOS.platform/Developer/usr/bin/swift-plugin-server -external-plugin-path /Applications/Xcode.app/Contents/Developer/Platforms/iPhoneOS.platform/Developer/usr/local/lib/swift/host/plugins\#/Applications/Xcode.app/Contents/Developer/Platforms/iPhoneOS.platform/Developer/usr/bin/swift-plugin-server -plugin-path /Applications/Xcode.app/Contents/Developer/Toolchains/XcodeDefault.xctoolchain/usr/lib/swift/host/plugins -plugin-path /Applications/Xcode.app/Contents/Developer/Toolchains/XcodeDefault.xctoolchain/usr/local/lib/swift/host/plugins -o /Users/sumeru.chatterjee/Library/Developer/Xcode/DerivedData/swift-sample-app-grdxdamkgtheuxbaunedxbokefvq/Build/Intermediates.noindex/swift-sample-app.build/Debug-iphonesimulator/swift-sample-app.build/Objects-normal/arm64/AppDelegate.o -index-unit-output-path /swift-sample-app.build/Debug-iphonesimulator/swift-sample-app.build/Objects-normal/arm64/AppDelegate.o -index-store-path /Users/sumeru.chatterjee/Library/Developer/Xcode/DerivedData/swift-sample-app-grdxdamkgtheuxbaunedxbokefvq/Index.noindex/DataStore -index-system-modules
/Users/sumeru.chatterjee/Projects/swift-sdk/sample-apps/swift-sample-app/swift-sample-app/AppDelegate.swift:36:9: error: cannot find 'enhancedApplicationDidFinishLaunching' in scope
        enhancedApplicationDidFinishLaunching(application, launchOptions: launchOptions)
        ^~~~~~~~~~~~~~~~~~~~~~~~~~~~~~~~~~~~~
/Users/sumeru.chatterjee/Projects/swift-sdk/sample-apps/swift-sample-app/swift-sample-app/AppDelegate.swift:59:9: error: cannot find 'enhancedApplicationDidBecomeActive' in scope
        enhancedApplicationDidBecomeActive(application)
        ^~~~~~~~~~~~~~~~~~~~~~~~~~~~~~~~~~
/Users/sumeru.chatterjee/Projects/swift-sdk/sample-apps/swift-sample-app/swift-sample-app/AppDelegate.swift:62:12: error: cannot find 'IntegrationTestHelper' in scope
        if IntegrationTestHelper.shared.isInTestMode() {
           ^~~~~~~~~~~~~~~~~~~~~
/Users/sumeru.chatterjee/Projects/swift-sdk/sample-apps/swift-sample-app/swift-sample-app/AppDelegate.swift:99:9: error: cannot find 'enhancedDidReceiveRemoteNotification' in scope
        enhancedDidReceiveRemoteNotification(application, userInfo: userInfo, fetchCompletionHandler: completionHandler)
        ^~~~~~~~~~~~~~~~~~~~~~~~~~~~~~~~~~~~
/Users/sumeru.chatterjee/Projects/swift-sdk/sample-apps/swift-sample-app/swift-sample-app/AppDelegate.swift:105:16: error: cannot find 'enhancedContinueUserActivity' in scope
        return enhancedContinueUserActivity(application, userActivity: userActivity, restorationHandler: restorationHandler)
               ^~~~~~~~~~~~~~~~~~~~~~~~~~~~
/Users/sumeru.chatterjee/Projects/swift-sdk/sample-apps/swift-sample-app/swift-sample-app/AppDelegate.swift:112:9: error: cannot find 'enhancedDidRegisterForRemoteNotifications' in scope
        enhancedDidRegisterForRemoteNotifications(application, deviceToken: deviceToken)
        ^~~~~~~~~~~~~~~~~~~~~~~~~~~~~~~~~~~~~~~~~

ConstructStubExecutorLinkFileList /Users/sumeru.chatterjee/Library/Developer/Xcode/DerivedData/swift-sample-app-grdxdamkgtheuxbaunedxbokefvq/Build/Intermediates.noindex/swift-sample-app.build/Debug-iphonesimulator/swift-sample-app-notification-extension.build/swift-sample-app-notification-extension-ExecutorLinkFileList-normal-arm64.txt (in target 'swift-sample-app-notification-extension' from project 'swift-sample-app')
    cd /Users/sumeru.chatterjee/Projects/swift-sdk/sample-apps/swift-sample-app
    construct-stub-executor-link-file-list /Users/sumeru.chatterjee/Library/Developer/Xcode/DerivedData/swift-sample-app-grdxdamkgtheuxbaunedxbokefvq/Build/Products/Debug-iphonesimulator/swift-sample-app-notification-extension.appex/swift-sample-app-notification-extension.debug.dylib /Applications/Xcode.app/Contents/Developer/Platforms/iPhoneSimulator.platform/Developer/usr/lib/libPreviewsJITStubExecutor_no_swift_entry_point.a /Applications/Xcode.app/Contents/Developer/Platforms/iPhoneSimulator.platform/Developer/usr/lib/libPreviewsJITStubExecutor.a --output /Users/sumeru.chatterjee/Library/Developer/Xcode/DerivedData/swift-sample-app-grdxdamkgtheuxbaunedxbokefvq/Build/Intermediates.noindex/swift-sample-app.build/Debug-iphonesimulator/swift-sample-app-notification-extension.build/swift-sample-app-notification-extension-ExecutorLinkFileList-normal-arm64.txt
note: Using stub executor library without Swift entry point. (in target 'swift-sample-app-notification-extension' from project 'swift-sample-app')

Ld /Users/sumeru.chatterjee/Library/Developer/Xcode/DerivedData/swift-sample-app-grdxdamkgtheuxbaunedxbokefvq/Build/Products/Debug-iphonesimulator/swift-sample-app-notification-extension.appex/swift-sample-app-notification-extension normal (in target 'swift-sample-app-notification-extension' from project 'swift-sample-app')
    cd /Users/sumeru.chatterjee/Projects/swift-sdk/sample-apps/swift-sample-app
    /Applications/Xcode.app/Contents/Developer/Toolchains/XcodeDefault.xctoolchain/usr/bin/clang -Xlinker -reproducible -target arm64-apple-ios12.0-simulator -isysroot /Applications/Xcode.app/Contents/Developer/Platforms/iPhoneSimulator.platform/Developer/SDKs/iPhoneSimulator18.2.sdk -O0 -L/Users/sumeru.chatterjee/Library/Developer/Xcode/DerivedData/swift-sample-app-grdxdamkgtheuxbaunedxbokefvq/Build/Products/Debug-iphonesimulator -F/Users/sumeru.chatterjee/Library/Developer/Xcode/DerivedData/swift-sample-app-grdxdamkgtheuxbaunedxbokefvq/Build/Products/Debug-iphonesimulator/PackageFrameworks -F/Users/sumeru.chatterjee/Library/Developer/Xcode/DerivedData/swift-sample-app-grdxdamkgtheuxbaunedxbokefvq/Build/Products/Debug-iphonesimulator -Xlinker -rpath -Xlinker @executable_path -Xlinker -rpath -Xlinker /Users/sumeru.chatterjee/Library/Developer/Xcode/DerivedData/swift-sample-app-grdxdamkgtheuxbaunedxbokefvq/Build/Products/Debug-iphonesimulator/PackageFrameworks -Xlinker -rpath -Xlinker @executable_path/Frameworks -Xlinker -rpath -Xlinker @executable_path/../../Frameworks -Xlinker -export_dynamic -Xlinker -no_deduplicate -Xlinker -objc_abi_version -Xlinker 2 -e ___debug_blank_executor_main -Xlinker -sectcreate -Xlinker __TEXT -Xlinker __debug_dylib -Xlinker /Users/sumeru.chatterjee/Library/Developer/Xcode/DerivedData/swift-sample-app-grdxdamkgtheuxbaunedxbokefvq/Build/Intermediates.noindex/swift-sample-app.build/Debug-iphonesimulator/swift-sample-app-notification-extension.build/swift-sample-app-notification-extension-DebugDylibPath-normal-arm64.txt -Xlinker -sectcreate -Xlinker __TEXT -Xlinker __debug_entry -Xlinker /Users/sumeru.chatterjee/Library/Developer/Xcode/DerivedData/swift-sample-app-grdxdamkgtheuxbaunedxbokefvq/Build/Intermediates.noindex/swift-sample-app.build/Debug-iphonesimulator/swift-sample-app-notification-extension.build/swift-sample-app-notification-extension-DebugEntryPoint-normal-arm64.txt -Xlinker -sectcreate -Xlinker __TEXT -Xlinker __debug_instlnm -Xlinker /Users/sumeru.chatterjee/Library/Developer/Xcode/DerivedData/swift-sample-app-grdxdamkgtheuxbaunedxbokefvq/Build/Intermediates.noindex/swift-sample-app.build/Debug-iphonesimulator/swift-sample-app-notification-extension.build/swift-sample-app-notification-extension-DebugDylibInstallName-normal-arm64.txt -Xlinker -filelist -Xlinker /Users/sumeru.chatterjee/Library/Developer/Xcode/DerivedData/swift-sample-app-grdxdamkgtheuxbaunedxbokefvq/Build/Intermediates.noindex/swift-sample-app.build/Debug-iphonesimulator/swift-sample-app-notification-extension.build/swift-sample-app-notification-extension-ExecutorLinkFileList-normal-arm64.txt -Xlinker -sectcreate -Xlinker __TEXT -Xlinker __entitlements -Xlinker /Users/sumeru.chatterjee/Library/Developer/Xcode/DerivedData/swift-sample-app-grdxdamkgtheuxbaunedxbokefvq/Build/Intermediates.noindex/swift-sample-app.build/Debug-iphonesimulator/swift-sample-app-notification-extension.build/swift-sample-app-notification-extension.appex-Simulated.xcent -Xlinker -sectcreate -Xlinker __TEXT -Xlinker __ents_der -Xlinker /Users/sumeru.chatterjee/Library/Developer/Xcode/DerivedData/swift-sample-app-grdxdamkgtheuxbaunedxbokefvq/Build/Intermediates.noindex/swift-sample-app.build/Debug-iphonesimulator/swift-sample-app-notification-extension.build/swift-sample-app-notification-extension.appex-Simulated.xcent.der /Users/sumeru.chatterjee/Library/Developer/Xcode/DerivedData/swift-sample-app-grdxdamkgtheuxbaunedxbokefvq/Build/Products/Debug-iphonesimulator/swift-sample-app-notification-extension.appex/swift-sample-app-notification-extension.debug.dylib -o /Users/sumeru.chatterjee/Library/Developer/Xcode/DerivedData/swift-sample-app-grdxdamkgtheuxbaunedxbokefvq/Build/Products/Debug-iphonesimulator/swift-sample-app-notification-extension.appex/swift-sample-app-notification-extension

ExtractAppIntentsMetadata (in target 'swift-sample-app-notification-extension' from project 'swift-sample-app')
    cd /Users/sumeru.chatterjee/Projects/swift-sdk/sample-apps/swift-sample-app
    /Applications/Xcode.app/Contents/Developer/Toolchains/XcodeDefault.xctoolchain/usr/bin/appintentsmetadataprocessor --output /Users/sumeru.chatterjee/Library/Developer/Xcode/DerivedData/swift-sample-app-grdxdamkgtheuxbaunedxbokefvq/Build/Products/Debug-iphonesimulator/swift-sample-app-notification-extension.appex --toolchain-dir /Applications/Xcode.app/Contents/Developer/Toolchains/XcodeDefault.xctoolchain --module-name swift_sample_app_notification_extension --sdk-root /Applications/Xcode.app/Contents/Developer/Platforms/iPhoneSimulator.platform/Developer/SDKs/iPhoneSimulator18.2.sdk --xcode-version 16C5032a --platform-family iOS --deployment-target 12.0 --bundle-identifier \* --target-triple arm64-apple-ios12.0-simulator --binary-file /Users/sumeru.chatterjee/Library/Developer/Xcode/DerivedData/swift-sample-app-grdxdamkgtheuxbaunedxbokefvq/Build/Products/Debug-iphonesimulator/swift-sample-app-notification-extension.appex/swift-sample-app-notification-extension --dependency-file /Users/sumeru.chatterjee/Library/Developer/Xcode/DerivedData/swift-sample-app-grdxdamkgtheuxbaunedxbokefvq/Build/Intermediates.noindex/swift-sample-app.build/Debug-iphonesimulator/swift-sample-app-notification-extension.build/Objects-normal/arm64/swift-sample-app-notification-extension_dependency_info.dat --stringsdata-file /Users/sumeru.chatterjee/Library/Developer/Xcode/DerivedData/swift-sample-app-grdxdamkgtheuxbaunedxbokefvq/Build/Intermediates.noindex/swift-sample-app.build/Debug-iphonesimulator/swift-sample-app-notification-extension.build/Objects-normal/arm64/ExtractedAppShortcutsMetadata.stringsdata --source-file-list /Users/sumeru.chatterjee/Library/Developer/Xcode/DerivedData/swift-sample-app-grdxdamkgtheuxbaunedxbokefvq/Build/Intermediates.noindex/swift-sample-app.build/Debug-iphonesimulator/swift-sample-app-notification-extension.build/Objects-normal/arm64/swift-sample-app-notification-extension.SwiftFileList --metadata-file-list /Users/sumeru.chatterjee/Library/Developer/Xcode/DerivedData/swift-sample-app-grdxdamkgtheuxbaunedxbokefvq/Build/Intermediates.noindex/swift-sample-app.build/Debug-iphonesimulator/swift-sample-app-notification-extension.build/swift-sample-app-notification-extension.DependencyMetadataFileList --swift-const-vals-list /Users/sumeru.chatterjee/Library/Developer/Xcode/DerivedData/swift-sample-app-grdxdamkgtheuxbaunedxbokefvq/Build/Intermediates.noindex/swift-sample-app.build/Debug-iphonesimulator/swift-sample-app-notification-extension.build/Objects-normal/arm64/swift-sample-app-notification-extension.SwiftConstValuesFileList --compile-time-extraction --deployment-aware-processing --validate-assistant-intents
note: Metadata extraction skipped. No AppIntents.framework dependency found. (in target 'swift-sample-app-notification-extension' from project 'swift-sample-app')

CodeSign /Users/sumeru.chatterjee/Library/Developer/Xcode/DerivedData/swift-sample-app-grdxdamkgtheuxbaunedxbokefvq/Build/Products/Debug-iphonesimulator/swift-sample-app-notification-extension.appex/swift-sample-app-notification-extension.debug.dylib (in target 'swift-sample-app-notification-extension' from project 'swift-sample-app')
    cd /Users/sumeru.chatterjee/Projects/swift-sdk/sample-apps/swift-sample-app
    
    Signing Identity:     "Sign to Run Locally"
    
    /usr/bin/codesign --force --sign - --timestamp\=none --generate-entitlement-der /Users/sumeru.chatterjee/Library/Developer/Xcode/DerivedData/swift-sample-app-grdxdamkgtheuxbaunedxbokefvq/Build/Products/Debug-iphonesimulator/swift-sample-app-notification-extension.appex/swift-sample-app-notification-extension.debug.dylib

CodeSign /Users/sumeru.chatterjee/Library/Developer/Xcode/DerivedData/swift-sample-app-grdxdamkgtheuxbaunedxbokefvq/Build/Products/Debug-iphonesimulator/swift-sample-app-notification-extension.appex (in target 'swift-sample-app-notification-extension' from project 'swift-sample-app')
    cd /Users/sumeru.chatterjee/Projects/swift-sdk/sample-apps/swift-sample-app
    
    Signing Identity:     "Sign to Run Locally"
    
    /usr/bin/codesign --force --sign - --timestamp\=none --generate-entitlement-der /Users/sumeru.chatterjee/Library/Developer/Xcode/DerivedData/swift-sample-app-grdxdamkgtheuxbaunedxbokefvq/Build/Products/Debug-iphonesimulator/swift-sample-app-notification-extension.appex
/Users/sumeru.chatterjee/Library/Developer/Xcode/DerivedData/swift-sample-app-grdxdamkgtheuxbaunedxbokefvq/Build/Products/Debug-iphonesimulator/swift-sample-app-notification-extension.appex: replacing existing signature

** BUILD FAILED **


The following build commands failed:
	SwiftCompile normal arm64 Compiling\ CoffeeListTableViewController.swift /Users/sumeru.chatterjee/Projects/swift-sdk/sample-apps/swift-sample-app/swift-sample-app/CoffeeListTableViewController.swift (in target 'swift-sample-app' from project 'swift-sample-app')
	SwiftCompile normal arm64 /Users/sumeru.chatterjee/Projects/swift-sdk/sample-apps/swift-sample-app/swift-sample-app/CoffeeListTableViewController.swift (in target 'swift-sample-app' from project 'swift-sample-app')
	SwiftCompile normal arm64 Compiling\ AppDelegate.swift /Users/sumeru.chatterjee/Projects/swift-sdk/sample-apps/swift-sample-app/swift-sample-app/AppDelegate.swift (in target 'swift-sample-app' from project 'swift-sample-app')
	SwiftCompile normal arm64 /Users/sumeru.chatterjee/Projects/swift-sdk/sample-apps/swift-sample-app/swift-sample-app/AppDelegate.swift (in target 'swift-sample-app' from project 'swift-sample-app')
	Building project swift-sample-app with scheme swift-sample-app and configuration Debug
(5 failures)
